# JRE version: Java(TM) SE Runtime Environment (7.0_72-b14) (build 1.7.0_72-b14)
# Java VM: Java HotSpot(TM) 64-Bit Server VM (24.72-b04 mixed mode linux-amd64 compressed oops)
Heap
 PSYoungGen      total 161280K, used 77589K [0x00000000f5500000, 0x0000000100000000, 0x0000000100000000)
  eden space 148480K, 46% used [0x00000000f5500000,0x00000000f98e7220,0x00000000fe600000)
  from space 12800K, 62% used [0x00000000fe600000,0x00000000fedde3b0,0x00000000ff280000)
  to   space 13312K, 0% used [0x00000000ff300000,0x00000000ff300000,0x0000000100000000)
 ParOldGen       total 83968K, used 61730K [0x00000000e0000000, 0x00000000e5200000, 0x00000000f5500000)
  object space 83968K, 73% used [0x00000000e0000000,0x00000000e3c48970,0x00000000e5200000)
 PSPermGen       total 92160K, used 91734K [0x00000000d8000000, 0x00000000dda00000, 0x00000000e0000000)
  object space 92160K, 99% used [0x00000000d8000000,0x00000000dd995bd8,0x00000000dda00000)
GC Heap History (10 events):
Event: 29,376 GC heap before
{Heap before GC invocations=29 (full 0):
 PSYoungGen      total 161280K, used 148736K [0x00000000f5500000, 0x0000000100000000, 0x0000000100000000)
  eden space 147456K, 100% used [0x00000000f5500000,0x00000000fe500000,0x00000000fe500000)
  from space 13824K, 9% used [0x00000000ff280000,0x00000000ff3c0000,0x0000000100000000)
  to   space 13824K, 0% used [0x00000000fe500000,0x00000000fe500000,0x00000000ff280000)
 ParOldGen       total 83968K, used 49111K [0x00000000e0000000, 0x00000000e5200000, 0x00000000f5500000)
  object space 83968K, 58% used [0x00000000e0000000,0x00000000e2ff5cf8,0x00000000e5200000)
 PSPermGen       total 76288K, used 75797K [0x00000000d8000000, 0x00000000dca80000, 0x00000000e0000000)
  object space 76288K, 99% used [0x00000000d8000000,0x00000000dca055e0,0x00000000dca80000)
Event: 29,385 GC heap after
Heap after GC invocations=29 (full 0):
 PSYoungGen      total 151552K, used 3867K [0x00000000f5500000, 0x00000000fff00000, 0x0000000100000000)
  eden space 147456K, 0% used [0x00000000f5500000,0x00000000f5500000,0x00000000fe500000)
  from space 4096K, 94% used [0x00000000fe500000,0x00000000fe8c6f40,0x00000000fe900000)
  to   space 13312K, 0% used [0x00000000ff200000,0x00000000ff200000,0x00000000fff00000)
 ParOldGen       total 83968K, used 49903K [0x00000000e0000000, 0x00000000e5200000, 0x00000000f5500000)
  object space 83968K, 59% used [0x00000000e0000000,0x00000000e30bbe38,0x00000000e5200000)
 PSPermGen       total 76288K, used 75797K [0x00000000d8000000, 0x00000000dca80000, 0x00000000e0000000)
  object space 76288K, 99% used [0x00000000d8000000,0x00000000dca055e0,0x00000000dca80000)
}
Event: 30,565 GC heap before
{Heap before GC invocations=30 (full 0):
 PSYoungGen      total 151552K, used 151273K [0x00000000f5500000, 0x00000000fff00000, 0x0000000100000000)
  eden space 147456K, 99% used [0x00000000f5500000,0x00000000fe4f3618,0x00000000fe500000)
  from space 4096K, 94% used [0x00000000fe500000,0x00000000fe8c6f40,0x00000000fe900000)
  to   space 13312K, 0% used [0x00000000ff200000,0x00000000ff200000,0x00000000fff00000)
 ParOldGen       total 83968K, used 49903K [0x00000000e0000000, 0x00000000e5200000, 0x00000000f5500000)
  object space 83968K, 59% used [0x00000000e0000000,0x00000000e30bbe38,0x00000000e5200000)
 PSPermGen       total 77312K, used 77079K [0x00000000d8000000, 0x00000000dcb80000, 0x00000000e0000000)
  object space 77312K, 99% used [0x00000000d8000000,0x00000000dcb45f68,0x00000000dcb80000)
Event: 30,587 GC heap after
Heap after GC invocations=30 (full 0):
 PSYoungGen      total 161280K, used 3607K [0x00000000f5500000, 0x0000000100000000, 0x0000000100000000)
  eden space 147968K, 0% used [0x00000000f5500000,0x00000000f5500000,0x00000000fe580000)
  from space 13312K, 27% used [0x00000000ff200000,0x00000000ff585fb0,0x00000000fff00000)
  to   space 12800K, 0% used [0x00000000fe580000,0x00000000fe580000,0x00000000ff200000)
 ParOldGen       total 83968K, used 52515K [0x00000000e0000000, 0x00000000e5200000, 0x00000000f5500000)
  object space 83968K, 62% used [0x00000000e0000000,0x00000000e3348ea8,0x00000000e5200000)
 PSPermGen       total 77312K, used 77079K [0x00000000d8000000, 0x00000000dcb80000, 0x00000000e0000000)
  object space 77312K, 99% used [0x00000000d8000000,0x00000000dcb45f68,0x00000000dcb80000)
}
Event: 31,622 GC heap before
{Heap before GC invocations=31 (full 0):
 PSYoungGen      total 161280K, used 151575K [0x00000000f5500000, 0x0000000100000000, 0x0000000100000000)
  eden space 147968K, 100% used [0x00000000f5500000,0x00000000fe580000,0x00000000fe580000)
  from space 13312K, 27% used [0x00000000ff200000,0x00000000ff585fb0,0x00000000fff00000)
  to   space 12800K, 0% used [0x00000000fe580000,0x00000000fe580000,0x00000000ff200000)
 ParOldGen       total 83968K, used 52515K [0x00000000e0000000, 0x00000000e5200000, 0x00000000f5500000)
  object space 83968K, 62% used [0x00000000e0000000,0x00000000e3348ea8,0x00000000e5200000)
 PSPermGen       total 79360K, used 79298K [0x00000000d8000000, 0x00000000dcd80000, 0x00000000e0000000)
  object space 79360K, 99% used [0x00000000d8000000,0x00000000dcd708b8,0x00000000dcd80000)
Event: 31,645 GC heap after
Heap after GC invocations=31 (full 0):
 PSYoungGen      total 160768K, used 3615K [0x00000000f5500000, 0x00000000ffe80000, 0x0000000100000000)
  eden space 147968K, 0% used [0x00000000f5500000,0x00000000f5500000,0x00000000fe580000)
  from space 12800K, 28% used [0x00000000fe580000,0x00000000fe907df8,0x00000000ff200000)
  to   space 12288K, 0% used [0x00000000ff280000,0x00000000ff280000,0x00000000ffe80000)
 ParOldGen       total 83968K, used 54483K [0x00000000e0000000, 0x00000000e5200000, 0x00000000f5500000)
  object space 83968K, 64% used [0x00000000e0000000,0x00000000e3534f98,0x00000000e5200000)
 PSPermGen       total 79360K, used 79298K [0x00000000d8000000, 0x00000000dcd80000, 0x00000000e0000000)
  object space 79360K, 99% used [0x00000000d8000000,0x00000000dcd708b8,0x00000000dcd80000)
}
Event: 33,487 GC heap before
{Heap before GC invocations=32 (full 0):
 PSYoungGen      total 160768K, used 151583K [0x00000000f5500000, 0x00000000ffe80000, 0x0000000100000000)
  eden space 147968K, 100% used [0x00000000f5500000,0x00000000fe580000,0x00000000fe580000)
  from space 12800K, 28% used [0x00000000fe580000,0x00000000fe907df8,0x00000000ff200000)
  to   space 12288K, 0% used [0x00000000ff280000,0x00000000ff280000,0x00000000ffe80000)
 ParOldGen       total 83968K, used 54483K [0x00000000e0000000, 0x00000000e5200000, 0x00000000f5500000)
  object space 83968K, 64% used [0x00000000e0000000,0x00000000e3534f98,0x00000000e5200000)
 PSPermGen       total 84992K, used 84897K [0x00000000d8000000, 0x00000000dd300000, 0x00000000e0000000)
  object space 84992K, 99% used [0x00000000d8000000,0x00000000dd2e8570,0x00000000dd300000)
Event: 33,513 GC heap after
Heap after GC invocations=32 (full 0):
 PSYoungGen      total 160768K, used 8946K [0x00000000f5500000, 0x0000000100000000, 0x0000000100000000)
  eden space 148480K, 0% used [0x00000000f5500000,0x00000000f5500000,0x00000000fe600000)
  from space 12288K, 72% used [0x00000000ff280000,0x00000000ffb3ca28,0x00000000ffe80000)
  to   space 12800K, 0% used [0x00000000fe600000,0x00000000fe600000,0x00000000ff280000)
 ParOldGen       total 83968K, used 57007K [0x00000000e0000000, 0x00000000e5200000, 0x00000000f5500000)
  object space 83968K, 67% used [0x00000000e0000000,0x00000000e37abfa8,0x00000000e5200000)
 PSPermGen       total 84992K, used 84897K [0x00000000d8000000, 0x00000000dd300000, 0x00000000e0000000)
  object space 84992K, 99% used [0x00000000d8000000,0x00000000dd2e8570,0x00000000dd300000)
}
Event: 114,287 GC heap before
{Heap before GC invocations=33 (full 0):
 PSYoungGen      total 160768K, used 157426K [0x00000000f5500000, 0x0000000100000000, 0x0000000100000000)
  eden space 148480K, 100% used [0x00000000f5500000,0x00000000fe600000,0x00000000fe600000)
  from space 12288K, 72% used [0x00000000ff280000,0x00000000ffb3ca28,0x00000000ffe80000)
  to   space 12800K, 0% used [0x00000000fe600000,0x00000000fe600000,0x00000000ff280000)
 ParOldGen       total 83968K, used 57007K [0x00000000e0000000, 0x00000000e5200000, 0x00000000f5500000)
  object space 83968K, 67% used [0x00000000e0000000,0x00000000e37abfa8,0x00000000e5200000)
 PSPermGen       total 91136K, used 91097K [0x00000000d8000000, 0x00000000dd900000, 0x00000000e0000000)
  object space 91136K, 99% used [0x00000000d8000000,0x00000000dd8f6768,0x00000000dd900000)
Event: 114,319 GC heap after
Heap after GC invocations=33 (full 0):
 PSYoungGen      total 161280K, used 8056K [0x00000000f5500000, 0x0000000100000000, 0x0000000100000000)
  eden space 148480K, 0% used [0x00000000f5500000,0x00000000f5500000,0x00000000fe600000)
  from space 12800K, 62% used [0x00000000fe600000,0x00000000fedde3b0,0x00000000ff280000)
  to   space 13312K, 0% used [0x00000000ff300000,0x00000000ff300000,0x0000000100000000)
 ParOldGen       total 83968K, used 61730K [0x00000000e0000000, 0x00000000e5200000, 0x00000000f5500000)
  object space 83968K, 73% used [0x00000000e0000000,0x00000000e3c48970,0x00000000e5200000)
 PSPermGen       total 91136K, used 91097K [0x00000000d8000000, 0x00000000dd900000, 0x00000000e0000000)
  object space 91136K, 99% used [0x00000000d8000000,0x00000000dd8f6768,0x00000000dd900000)
}

