# JRE version: Java(TM) SE Runtime Environment (7.0_72-b14) (build 1.7.0_72-b14)
# Java VM: Java HotSpot(TM) 64-Bit Server VM (24.72-b04 mixed mode linux-amd64 compressed oops)
Heap
 PSYoungGen      total 132608K, used 89444K [0x00000000f5500000, 0x00000000fe900000, 0x0000000100000000)
  eden space 129024K, 68% used [0x00000000f5500000,0x00000000fab065d8,0x00000000fd300000)
  from space 3584K, 37% used [0x00000000fe580000,0x00000000fe6d2e20,0x00000000fe900000)
  to   space 11264K, 0% used [0x00000000fd300000,0x00000000fd300000,0x00000000fde00000)
 ParOldGen       total 83968K, used 66195K [0x00000000e0000000, 0x00000000e5200000, 0x00000000f5500000)
  object space 83968K, 78% used [0x00000000e0000000,0x00000000e40a4ca8,0x00000000e5200000)
 PSPermGen       total 94720K, used 94438K [0x00000000d8000000, 0x00000000ddc80000, 0x00000000e0000000)
  object space 94720K, 99% used [0x00000000d8000000,0x00000000ddc39b60,0x00000000ddc80000)
GC Heap History (10 events):
Event: 30,364 GC heap before
{Heap before GC invocations=34 (full 0):
 PSYoungGen      total 150528K, used 142194K [0x00000000f5500000, 0x00000000fff00000, 0x0000000100000000)
  eden space 139264K, 100% used [0x00000000f5500000,0x00000000fdd00000,0x00000000fdd00000)
  from space 11264K, 26% used [0x00000000fdd00000,0x00000000fdfdca30,0x00000000fe800000)
  to   space 10752K, 0% used [0x00000000ff480000,0x00000000ff480000,0x00000000fff00000)
 ParOldGen       total 83968K, used 54690K [0x00000000e0000000, 0x00000000e5200000, 0x00000000f5500000)
  object space 83968K, 65% used [0x00000000e0000000,0x00000000e35689d8,0x00000000e5200000)
 PSPermGen       total 84992K, used 84896K [0x00000000d8000000, 0x00000000dd300000, 0x00000000e0000000)
  object space 84992K, 99% used [0x00000000d8000000,0x00000000dd2e8320,0x00000000dd300000)
Event: 30,379 GC heap after
Heap after GC invocations=34 (full 0):
 PSYoungGen      total 162304K, used 8965K [0x00000000f5500000, 0x0000000100000000, 0x0000000100000000)
  eden space 151552K, 0% used [0x00000000f5500000,0x00000000f5500000,0x00000000fe900000)
  from space 10752K, 83% used [0x00000000ff480000,0x00000000ffd41798,0x00000000fff00000)
  to   space 11776K, 0% used [0x00000000fe900000,0x00000000fe900000,0x00000000ff480000)
 ParOldGen       total 83968K, used 57034K [0x00000000e0000000, 0x00000000e5200000, 0x00000000f5500000)
  object space 83968K, 67% used [0x00000000e0000000,0x00000000e37b29f8,0x00000000e5200000)
 PSPermGen       total 84992K, used 84896K [0x00000000d8000000, 0x00000000dd300000, 0x00000000e0000000)
  object space 84992K, 99% used [0x00000000d8000000,0x00000000dd2e8320,0x00000000dd300000)
}
Event: 49,315 GC heap before
{Heap before GC invocations=35 (full 0):
 PSYoungGen      total 162304K, used 160517K [0x00000000f5500000, 0x0000000100000000, 0x0000000100000000)
  eden space 151552K, 100% used [0x00000000f5500000,0x00000000fe900000,0x00000000fe900000)
  from space 10752K, 83% used [0x00000000ff480000,0x00000000ffd41798,0x00000000fff00000)
  to   space 11776K, 0% used [0x00000000fe900000,0x00000000fe900000,0x00000000ff480000)
 ParOldGen       total 83968K, used 57034K [0x00000000e0000000, 0x00000000e5200000, 0x00000000f5500000)
  object space 83968K, 67% used [0x00000000e0000000,0x00000000e37b29f8,0x00000000e5200000)
 PSPermGen       total 90624K, used 90322K [0x00000000d8000000, 0x00000000dd880000, 0x00000000e0000000)
  object space 90624K, 99% used [0x00000000d8000000,0x00000000dd834988,0x00000000dd880000)
Event: 49,331 GC heap after
Heap after GC invocations=35 (full 0):
 PSYoungGen      total 152576K, used 7080K [0x00000000f5500000, 0x00000000ffb00000, 0x0000000100000000)
  eden space 145408K, 0% used [0x00000000f5500000,0x00000000f5500000,0x00000000fe300000)
  from space 7168K, 98% used [0x00000000fe900000,0x00000000fefea3c0,0x00000000ff000000)
  to   space 11264K, 0% used [0x00000000ff000000,0x00000000ff000000,0x00000000ffb00000)
 ParOldGen       total 83968K, used 61664K [0x00000000e0000000, 0x00000000e5200000, 0x00000000f5500000)
  object space 83968K, 73% used [0x00000000e0000000,0x00000000e3c383d0,0x00000000e5200000)
 PSPermGen       total 90624K, used 90322K [0x00000000d8000000, 0x00000000dd880000, 0x00000000e0000000)
  object space 90624K, 99% used [0x00000000d8000000,0x00000000dd834988,0x00000000dd880000)
}
Event: 471,933 GC heap before
{Heap before GC invocations=36 (full 0):
 PSYoungGen      total 152576K, used 152488K [0x00000000f5500000, 0x00000000ffb00000, 0x0000000100000000)
  eden space 145408K, 100% used [0x00000000f5500000,0x00000000fe300000,0x00000000fe300000)
  from space 7168K, 98% used [0x00000000fe900000,0x00000000fefea3c0,0x00000000ff000000)
  to   space 11264K, 0% used [0x00000000ff000000,0x00000000ff000000,0x00000000ffb00000)
 ParOldGen       total 83968K, used 61664K [0x00000000e0000000, 0x00000000e5200000, 0x00000000f5500000)
  object space 83968K, 73% used [0x00000000e0000000,0x00000000e3c383d0,0x00000000e5200000)
 PSPermGen       total 93696K, used 93622K [0x00000000d8000000, 0x00000000ddb80000, 0x00000000e0000000)
  object space 93696K, 99% used [0x00000000d8000000,0x00000000ddb6d950,0x00000000ddb80000)
Event: 471,944 GC heap after
Heap after GC invocations=36 (full 0):
 PSYoungGen      total 144896K, used 4867K [0x00000000f5500000, 0x00000000ff500000, 0x0000000100000000)
  eden space 139776K, 0% used [0x00000000f5500000,0x00000000f5500000,0x00000000fdd80000)
  from space 5120K, 95% used [0x00000000ff000000,0x00000000ff4c0f68,0x00000000ff500000)
  to   space 11264K, 0% used [0x00000000fdf00000,0x00000000fdf00000,0x00000000fea00000)
 ParOldGen       total 83968K, used 64438K [0x00000000e0000000, 0x00000000e5200000, 0x00000000f5500000)
  object space 83968K, 76% used [0x00000000e0000000,0x00000000e3eeda98,0x00000000e5200000)
 PSPermGen       total 93696K, used 93622K [0x00000000d8000000, 0x00000000ddb80000, 0x00000000e0000000)
  object space 93696K, 99% used [0x00000000d8000000,0x00000000ddb6d950,0x00000000ddb80000)
}
Event: 1968,027 GC heap before
{Heap before GC invocations=37 (full 0):
 PSYoungGen      total 144896K, used 144643K [0x00000000f5500000, 0x00000000ff500000, 0x0000000100000000)
  eden space 139776K, 100% used [0x00000000f5500000,0x00000000fdd80000,0x00000000fdd80000)
  from space 5120K, 95% used [0x00000000ff000000,0x00000000ff4c0f68,0x00000000ff500000)
  to   space 11264K, 0% used [0x00000000fdf00000,0x00000000fdf00000,0x00000000fea00000)
 ParOldGen       total 83968K, used 64438K [0x00000000e0000000, 0x00000000e5200000, 0x00000000f5500000)
  object space 83968K, 76% used [0x00000000e0000000,0x00000000e3eeda98,0x00000000e5200000)
 PSPermGen       total 94208K, used 93857K [0x00000000d8000000, 0x00000000ddc00000, 0x00000000e0000000)
  object space 94208K, 99% used [0x00000000d8000000,0x00000000ddba8788,0x00000000ddc00000)
Event: 1968,056 GC heap after
Heap after GC invocations=37 (full 0):
 PSYoungGen      total 135680K, used 1344K [0x00000000f5500000, 0x00000000ff080000, 0x0000000100000000)
  eden space 134144K, 0% used [0x00000000f5500000,0x00000000f5500000,0x00000000fd800000)
  from space 1536K, 87% used [0x00000000fdf00000,0x00000000fe050000,0x00000000fe080000)
  to   space 11264K, 0% used [0x00000000fe580000,0x00000000fe580000,0x00000000ff080000)
 ParOldGen       total 83968K, used 65995K [0x00000000e0000000, 0x00000000e5200000, 0x00000000f5500000)
  object space 83968K, 78% used [0x00000000e0000000,0x00000000e4072f38,0x00000000e5200000)
 PSPermGen       total 94208K, used 93857K [0x00000000d8000000, 0x00000000ddc00000, 0x00000000e0000000)
  object space 94208K, 99% used [0x00000000d8000000,0x00000000ddba8788,0x00000000ddc00000)
}
Event: 3076,887 GC heap before
{Heap before GC invocations=38 (full 0):
 PSYoungGen      total 135680K, used 135488K [0x00000000f5500000, 0x00000000ff080000, 0x0000000100000000)
  eden space 134144K, 100% used [0x00000000f5500000,0x00000000fd800000,0x00000000fd800000)
  from space 1536K, 87% used [0x00000000fdf00000,0x00000000fe050000,0x00000000fe080000)
  to   space 11264K, 0% used [0x00000000fe580000,0x00000000fe580000,0x00000000ff080000)
 ParOldGen       total 83968K, used 65995K [0x00000000e0000000, 0x00000000e5200000, 0x00000000f5500000)
  object space 83968K, 78% used [0x00000000e0000000,0x00000000e4072f38,0x00000000e5200000)
 PSPermGen       total 94720K, used 94358K [0x00000000d8000000, 0x00000000ddc80000, 0x00000000e0000000)
  object space 94720K, 99% used [0x00000000d8000000,0x00000000ddc25b58,0x00000000ddc80000)
Event: 3076,896 GC heap after
Heap after GC invocations=38 (full 0):
 PSYoungGen      total 132608K, used 1355K [0x00000000f5500000, 0x00000000fe900000, 0x0000000100000000)
  eden space 129024K, 0% used [0x00000000f5500000,0x00000000f5500000,0x00000000fd300000)
  from space 3584K, 37% used [0x00000000fe580000,0x00000000fe6d2e20,0x00000000fe900000)
  to   space 11264K, 0% used [0x00000000fd300000,0x00000000fd300000,0x00000000fde00000)
 ParOldGen       total 83968K, used 66195K [0x00000000e0000000, 0x00000000e5200000, 0x00000000f5500000)
  object space 83968K, 78% used [0x00000000e0000000,0x00000000e40a4ca8,0x00000000e5200000)
 PSPermGen       total 94720K, used 94358K [0x00000000d8000000, 0x00000000ddc80000, 0x00000000e0000000)
  object space 94720K, 99% used [0x00000000d8000000,0x00000000ddc25b58,0x00000000ddc80000)
}

