# JRE version: Java(TM) SE Runtime Environment (7.0_72-b14) (build 1.7.0_72-b14)
# Java VM: Java HotSpot(TM) 64-Bit Server VM (24.72-b04 mixed mode linux-amd64 compressed oops)
Heap
 PSYoungGen      total 161792K, used 78831K [0x00000000f5500000, 0x0000000100000000, 0x0000000100000000)
  eden space 150016K, 46% used [0x00000000f5500000,0x00000000f99aa1c0,0x00000000fe780000)
  from space 11776K, 72% used [0x00000000fe780000,0x00000000fefd1ae8,0x00000000ff300000)
  to   space 12800K, 0% used [0x00000000ff380000,0x00000000ff380000,0x0000000100000000)
 ParOldGen       total 83968K, used 59463K [0x00000000e0000000, 0x00000000e5200000, 0x00000000f5500000)
  object space 83968K, 70% used [0x00000000e0000000,0x00000000e3a11dc0,0x00000000e5200000)
 PSPermGen       total 91648K, used 91584K [0x00000000d8000000, 0x00000000dd980000, 0x00000000e0000000)
  object space 91648K, 99% used [0x00000000d8000000,0x00000000dd9701f8,0x00000000dd980000)
GC Heap History (10 events):
Event: 28,412 GC heap before
{Heap before GC invocations=29 (full 0):
 PSYoungGen      total 160768K, used 151284K [0x00000000f5500000, 0x00000000fff80000, 0x0000000100000000)
  eden space 146944K, 100% used [0x00000000f5500000,0x00000000fe480000,0x00000000fe480000)
  from space 13824K, 31% used [0x00000000ff200000,0x00000000ff63d250,0x00000000fff80000)
  to   space 13824K, 0% used [0x00000000fe480000,0x00000000fe480000,0x00000000ff200000)
 ParOldGen       total 83968K, used 47397K [0x00000000e0000000, 0x00000000e5200000, 0x00000000f5500000)
  object space 83968K, 56% used [0x00000000e0000000,0x00000000e2e49448,0x00000000e5200000)
 PSPermGen       total 75264K, used 74829K [0x00000000d8000000, 0x00000000dc980000, 0x00000000e0000000)
  object space 75264K, 99% used [0x00000000d8000000,0x00000000dc9136e8,0x00000000dc980000)
Event: 28,421 GC heap after
Heap after GC invocations=29 (full 0):
 PSYoungGen      total 160768K, used 1952K [0x00000000f5500000, 0x00000000fff00000, 0x0000000100000000)
  eden space 146944K, 0% used [0x00000000f5500000,0x00000000f5500000,0x00000000fe480000)
  from space 13824K, 14% used [0x00000000fe480000,0x00000000fe668000,0x00000000ff200000)
  to   space 13312K, 0% used [0x00000000ff200000,0x00000000ff200000,0x00000000fff00000)
 ParOldGen       total 83968K, used 49159K [0x00000000e0000000, 0x00000000e5200000, 0x00000000f5500000)
  object space 83968K, 58% used [0x00000000e0000000,0x00000000e3001dd8,0x00000000e5200000)
 PSPermGen       total 75264K, used 74829K [0x00000000d8000000, 0x00000000dc980000, 0x00000000e0000000)
  object space 75264K, 99% used [0x00000000d8000000,0x00000000dc9136e8,0x00000000dc980000)
}
Event: 29,879 GC heap before
{Heap before GC invocations=30 (full 0):
 PSYoungGen      total 160768K, used 148896K [0x00000000f5500000, 0x00000000fff00000, 0x0000000100000000)
  eden space 146944K, 100% used [0x00000000f5500000,0x00000000fe480000,0x00000000fe480000)
  from space 13824K, 14% used [0x00000000fe480000,0x00000000fe668000,0x00000000ff200000)
  to   space 13312K, 0% used [0x00000000ff200000,0x00000000ff200000,0x00000000fff00000)
 ParOldGen       total 83968K, used 49159K [0x00000000e0000000, 0x00000000e5200000, 0x00000000f5500000)
  object space 83968K, 58% used [0x00000000e0000000,0x00000000e3001dd8,0x00000000e5200000)
 PSPermGen       total 76800K, used 76631K [0x00000000d8000000, 0x00000000dcb00000, 0x00000000e0000000)
  object space 76800K, 99% used [0x00000000d8000000,0x00000000dcad5f30,0x00000000dcb00000)
Event: 29,904 GC heap after
Heap after GC invocations=30 (full 0):
 PSYoungGen      total 160768K, used 4244K [0x00000000f5500000, 0x00000000ffe80000, 0x0000000100000000)
  eden space 147968K, 0% used [0x00000000f5500000,0x00000000f5500000,0x00000000fe580000)
  from space 12800K, 33% used [0x00000000ff200000,0x00000000ff6251d8,0x00000000ffe80000)
  to   space 12800K, 0% used [0x00000000fe580000,0x00000000fe580000,0x00000000ff200000)
 ParOldGen       total 83968K, used 50711K [0x00000000e0000000, 0x00000000e5200000, 0x00000000f5500000)
  object space 83968K, 60% used [0x00000000e0000000,0x00000000e3185e28,0x00000000e5200000)
 PSPermGen       total 76800K, used 76631K [0x00000000d8000000, 0x00000000dcb00000, 0x00000000e0000000)
  object space 76800K, 99% used [0x00000000d8000000,0x00000000dcad5f30,0x00000000dcb00000)
}
Event: 31,658 GC heap before
{Heap before GC invocations=31 (full 0):
 PSYoungGen      total 160768K, used 152212K [0x00000000f5500000, 0x00000000ffe80000, 0x0000000100000000)
  eden space 147968K, 100% used [0x00000000f5500000,0x00000000fe580000,0x00000000fe580000)
  from space 12800K, 33% used [0x00000000ff200000,0x00000000ff6251d8,0x00000000ffe80000)
  to   space 12800K, 0% used [0x00000000fe580000,0x00000000fe580000,0x00000000ff200000)
 ParOldGen       total 83968K, used 50711K [0x00000000e0000000, 0x00000000e5200000, 0x00000000f5500000)
  object space 83968K, 60% used [0x00000000e0000000,0x00000000e3185e28,0x00000000e5200000)
 PSPermGen       total 79360K, used 79035K [0x00000000d8000000, 0x00000000dcd80000, 0x00000000e0000000)
  object space 79360K, 99% used [0x00000000d8000000,0x00000000dcd2ed68,0x00000000dcd80000)
Event: 31,686 GC heap after
Heap after GC invocations=31 (full 0):
 PSYoungGen      total 160768K, used 3443K [0x00000000f5500000, 0x00000000fff00000, 0x0000000100000000)
  eden space 147968K, 0% used [0x00000000f5500000,0x00000000f5500000,0x00000000fe580000)
  from space 12800K, 26% used [0x00000000fe580000,0x00000000fe8dcd88,0x00000000ff200000)
  to   space 12288K, 0% used [0x00000000ff300000,0x00000000ff300000,0x00000000fff00000)
 ParOldGen       total 83968K, used 53243K [0x00000000e0000000, 0x00000000e5200000, 0x00000000f5500000)
  object space 83968K, 63% used [0x00000000e0000000,0x00000000e33fef28,0x00000000e5200000)
 PSPermGen       total 79360K, used 79035K [0x00000000d8000000, 0x00000000dcd80000, 0x00000000e0000000)
  object space 79360K, 99% used [0x00000000d8000000,0x00000000dcd2ed68,0x00000000dcd80000)
}
Event: 33,960 GC heap before
{Heap before GC invocations=32 (full 0):
 PSYoungGen      total 160768K, used 151411K [0x00000000f5500000, 0x00000000fff00000, 0x0000000100000000)
  eden space 147968K, 100% used [0x00000000f5500000,0x00000000fe580000,0x00000000fe580000)
  from space 12800K, 26% used [0x00000000fe580000,0x00000000fe8dcd88,0x00000000ff200000)
  to   space 12288K, 0% used [0x00000000ff300000,0x00000000ff300000,0x00000000fff00000)
 ParOldGen       total 83968K, used 53243K [0x00000000e0000000, 0x00000000e5200000, 0x00000000f5500000)
  object space 83968K, 63% used [0x00000000e0000000,0x00000000e33fef28,0x00000000e5200000)
 PSPermGen       total 81920K, used 81454K [0x00000000d8000000, 0x00000000dd000000, 0x00000000e0000000)
  object space 81920K, 99% used [0x00000000d8000000,0x00000000dcf8bb78,0x00000000dd000000)
Event: 33,986 GC heap after
Heap after GC invocations=32 (full 0):
 PSYoungGen      total 161792K, used 5999K [0x00000000f5500000, 0x00000000ffe80000, 0x0000000100000000)
  eden space 150016K, 0% used [0x00000000f5500000,0x00000000f5500000,0x00000000fe780000)
  from space 11776K, 50% used [0x00000000ff300000,0x00000000ff8dbe00,0x00000000ffe80000)
  to   space 11776K, 0% used [0x00000000fe780000,0x00000000fe780000,0x00000000ff300000)
 ParOldGen       total 83968K, used 55419K [0x00000000e0000000, 0x00000000e5200000, 0x00000000f5500000)
  object space 83968K, 66% used [0x00000000e0000000,0x00000000e361ef68,0x00000000e5200000)
 PSPermGen       total 81920K, used 81454K [0x00000000d8000000, 0x00000000dd000000, 0x00000000e0000000)
  object space 81920K, 99% used [0x00000000d8000000,0x00000000dcf8bb78,0x00000000dd000000)
}
Event: 41,836 GC heap before
{Heap before GC invocations=33 (full 0):
 PSYoungGen      total 161792K, used 156015K [0x00000000f5500000, 0x00000000ffe80000, 0x0000000100000000)
  eden space 150016K, 100% used [0x00000000f5500000,0x00000000fe780000,0x00000000fe780000)
  from space 11776K, 50% used [0x00000000ff300000,0x00000000ff8dbe00,0x00000000ffe80000)
  to   space 11776K, 0% used [0x00000000fe780000,0x00000000fe780000,0x00000000ff300000)
 ParOldGen       total 83968K, used 55419K [0x00000000e0000000, 0x00000000e5200000, 0x00000000f5500000)
  object space 83968K, 66% used [0x00000000e0000000,0x00000000e361ef68,0x00000000e5200000)
 PSPermGen       total 88064K, used 88033K [0x00000000d8000000, 0x00000000dd600000, 0x00000000e0000000)
  object space 88064K, 99% used [0x00000000d8000000,0x00000000dd5f8488,0x00000000dd600000)
Event: 41,854 GC heap after
Heap after GC invocations=33 (full 0):
 PSYoungGen      total 161792K, used 8518K [0x00000000f5500000, 0x0000000100000000, 0x0000000100000000)
  eden space 150016K, 0% used [0x00000000f5500000,0x00000000f5500000,0x00000000fe780000)
  from space 11776K, 72% used [0x00000000fe780000,0x00000000fefd1ae8,0x00000000ff300000)
  to   space 12800K, 0% used [0x00000000ff380000,0x00000000ff380000,0x0000000100000000)
 ParOldGen       total 83968K, used 59463K [0x00000000e0000000, 0x00000000e5200000, 0x00000000f5500000)
  object space 83968K, 70% used [0x00000000e0000000,0x00000000e3a11dc0,0x00000000e5200000)
 PSPermGen       total 88064K, used 88033K [0x00000000d8000000, 0x00000000dd600000, 0x00000000e0000000)
  object space 88064K, 99% used [0x00000000d8000000,0x00000000dd5f8488,0x00000000dd600000)
}

