# JRE version: Java(TM) SE Runtime Environment (7.0_72-b14) (build 1.7.0_72-b14)
# Java VM: Java HotSpot(TM) 64-Bit Server VM (24.72-b04 mixed mode linux-amd64 compressed oops)
Heap
 PSYoungGen      total 161280K, used 54534K [0x00000000f5500000, 0x0000000100000000, 0x0000000100000000)
  eden space 148480K, 31% used [0x00000000f5500000,0x00000000f8270990,0x00000000fe600000)
  from space 12800K, 62% used [0x00000000fe600000,0x00000000fedd1230,0x00000000ff280000)
  to   space 13312K, 0% used [0x00000000ff300000,0x00000000ff300000,0x0000000100000000)
 ParOldGen       total 83968K, used 61639K [0x00000000e0000000, 0x00000000e5200000, 0x00000000f5500000)
  object space 83968K, 73% used [0x00000000e0000000,0x00000000e3c31e40,0x00000000e5200000)
 PSPermGen       total 91648K, used 91601K [0x00000000d8000000, 0x00000000dd980000, 0x00000000e0000000)
  object space 91648K, 99% used [0x00000000d8000000,0x00000000dd974518,0x00000000dd980000)
GC Heap History (10 events):
Event: 29,095 GC heap before
{Heap before GC invocations=29 (full 0):
 PSYoungGen      total 161280K, used 148768K [0x00000000f5500000, 0x0000000100000000, 0x0000000100000000)
  eden space 147456K, 100% used [0x00000000f5500000,0x00000000fe500000,0x00000000fe500000)
  from space 13824K, 9% used [0x00000000ff280000,0x00000000ff3c8000,0x0000000100000000)
  to   space 13824K, 0% used [0x00000000fe500000,0x00000000fe500000,0x00000000ff280000)
 ParOldGen       total 83968K, used 49060K [0x00000000e0000000, 0x00000000e5200000, 0x00000000f5500000)
  object space 83968K, 58% used [0x00000000e0000000,0x00000000e2fe91b8,0x00000000e5200000)
 PSPermGen       total 75776K, used 75720K [0x00000000d8000000, 0x00000000dca00000, 0x00000000e0000000)
  object space 75776K, 99% used [0x00000000d8000000,0x00000000dc9f2378,0x00000000dca00000)
Event: 29,129 GC heap after
Heap after GC invocations=29 (full 0):
 PSYoungGen      total 151552K, used 3815K [0x00000000f5500000, 0x00000000fff00000, 0x0000000100000000)
  eden space 147456K, 0% used [0x00000000f5500000,0x00000000f5500000,0x00000000fe500000)
  from space 4096K, 93% used [0x00000000fe500000,0x00000000fe8b9ec8,0x00000000fe900000)
  to   space 13312K, 0% used [0x00000000ff200000,0x00000000ff200000,0x00000000fff00000)
 ParOldGen       total 83968K, used 49836K [0x00000000e0000000, 0x00000000e5200000, 0x00000000f5500000)
  object space 83968K, 59% used [0x00000000e0000000,0x00000000e30ab2d8,0x00000000e5200000)
 PSPermGen       total 75776K, used 75720K [0x00000000d8000000, 0x00000000dca00000, 0x00000000e0000000)
  object space 75776K, 99% used [0x00000000d8000000,0x00000000dc9f2378,0x00000000dca00000)
}
Event: 30,337 GC heap before
{Heap before GC invocations=30 (full 0):
 PSYoungGen      total 151552K, used 151271K [0x00000000f5500000, 0x00000000fff00000, 0x0000000100000000)
  eden space 147456K, 100% used [0x00000000f5500000,0x00000000fe500000,0x00000000fe500000)
  from space 4096K, 93% used [0x00000000fe500000,0x00000000fe8b9ec8,0x00000000fe900000)
  to   space 13312K, 0% used [0x00000000ff200000,0x00000000ff200000,0x00000000fff00000)
 ParOldGen       total 83968K, used 49836K [0x00000000e0000000, 0x00000000e5200000, 0x00000000f5500000)
  object space 83968K, 59% used [0x00000000e0000000,0x00000000e30ab2d8,0x00000000e5200000)
 PSPermGen       total 77312K, used 77002K [0x00000000d8000000, 0x00000000dcb80000, 0x00000000e0000000)
  object space 77312K, 99% used [0x00000000d8000000,0x00000000dcb32808,0x00000000dcb80000)
Event: 30,355 GC heap after
Heap after GC invocations=30 (full 0):
 PSYoungGen      total 161280K, used 3130K [0x00000000f5500000, 0x0000000100000000, 0x0000000100000000)
  eden space 147968K, 0% used [0x00000000f5500000,0x00000000f5500000,0x00000000fe580000)
  from space 13312K, 23% used [0x00000000ff200000,0x00000000ff50e828,0x00000000fff00000)
  to   space 12800K, 0% used [0x00000000fe580000,0x00000000fe580000,0x00000000ff200000)
 ParOldGen       total 83968K, used 52412K [0x00000000e0000000, 0x00000000e5200000, 0x00000000f5500000)
  object space 83968K, 62% used [0x00000000e0000000,0x00000000e332f3b8,0x00000000e5200000)
 PSPermGen       total 77312K, used 77002K [0x00000000d8000000, 0x00000000dcb80000, 0x00000000e0000000)
  object space 77312K, 99% used [0x00000000d8000000,0x00000000dcb32808,0x00000000dcb80000)
}
Event: 31,544 GC heap before
{Heap before GC invocations=31 (full 0):
 PSYoungGen      total 161280K, used 151098K [0x00000000f5500000, 0x0000000100000000, 0x0000000100000000)
  eden space 147968K, 100% used [0x00000000f5500000,0x00000000fe580000,0x00000000fe580000)
  from space 13312K, 23% used [0x00000000ff200000,0x00000000ff50e828,0x00000000fff00000)
  to   space 12800K, 0% used [0x00000000fe580000,0x00000000fe580000,0x00000000ff200000)
 ParOldGen       total 83968K, used 52412K [0x00000000e0000000, 0x00000000e5200000, 0x00000000f5500000)
  object space 83968K, 62% used [0x00000000e0000000,0x00000000e332f3b8,0x00000000e5200000)
 PSPermGen       total 79360K, used 79297K [0x00000000d8000000, 0x00000000dcd80000, 0x00000000e0000000)
  object space 79360K, 99% used [0x00000000d8000000,0x00000000dcd704e0,0x00000000dcd80000)
Event: 31,559 GC heap after
Heap after GC invocations=31 (full 0):
 PSYoungGen      total 160768K, used 3712K [0x00000000f5500000, 0x00000000ffe80000, 0x0000000100000000)
  eden space 147968K, 0% used [0x00000000f5500000,0x00000000f5500000,0x00000000fe580000)
  from space 12800K, 29% used [0x00000000fe580000,0x00000000fe920318,0x00000000ff200000)
  to   space 12288K, 0% used [0x00000000ff280000,0x00000000ff280000,0x00000000ffe80000)
 ParOldGen       total 83968K, used 54409K [0x00000000e0000000, 0x00000000e5200000, 0x00000000f5500000)
  object space 83968K, 64% used [0x00000000e0000000,0x00000000e3522448,0x00000000e5200000)
 PSPermGen       total 79360K, used 79297K [0x00000000d8000000, 0x00000000dcd80000, 0x00000000e0000000)
  object space 79360K, 99% used [0x00000000d8000000,0x00000000dcd704e0,0x00000000dcd80000)
}
Event: 34,691 GC heap before
{Heap before GC invocations=32 (full 0):
 PSYoungGen      total 160768K, used 151680K [0x00000000f5500000, 0x00000000ffe80000, 0x0000000100000000)
  eden space 147968K, 100% used [0x00000000f5500000,0x00000000fe580000,0x00000000fe580000)
  from space 12800K, 29% used [0x00000000fe580000,0x00000000fe920318,0x00000000ff200000)
  to   space 12288K, 0% used [0x00000000ff280000,0x00000000ff280000,0x00000000ffe80000)
 ParOldGen       total 83968K, used 54409K [0x00000000e0000000, 0x00000000e5200000, 0x00000000f5500000)
  object space 83968K, 64% used [0x00000000e0000000,0x00000000e3522448,0x00000000e5200000)
 PSPermGen       total 84992K, used 84892K [0x00000000d8000000, 0x00000000dd300000, 0x00000000e0000000)
  object space 84992K, 99% used [0x00000000d8000000,0x00000000dd2e70f8,0x00000000dd300000)
Event: 34,718 GC heap after
Heap after GC invocations=32 (full 0):
 PSYoungGen      total 160768K, used 8969K [0x00000000f5500000, 0x0000000100000000, 0x0000000100000000)
  eden space 148480K, 0% used [0x00000000f5500000,0x00000000f5500000,0x00000000fe600000)
  from space 12288K, 72% used [0x00000000ff280000,0x00000000ffb427a0,0x00000000ffe80000)
  to   space 12800K, 0% used [0x00000000fe600000,0x00000000fe600000,0x00000000ff280000)
 ParOldGen       total 83968K, used 56969K [0x00000000e0000000, 0x00000000e5200000, 0x00000000f5500000)
  object space 83968K, 67% used [0x00000000e0000000,0x00000000e37a2468,0x00000000e5200000)
 PSPermGen       total 84992K, used 84892K [0x00000000d8000000, 0x00000000dd300000, 0x00000000e0000000)
  object space 84992K, 99% used [0x00000000d8000000,0x00000000dd2e70f8,0x00000000dd300000)
}
Event: 48,792 GC heap before
{Heap before GC invocations=33 (full 0):
 PSYoungGen      total 160768K, used 157449K [0x00000000f5500000, 0x0000000100000000, 0x0000000100000000)
  eden space 148480K, 100% used [0x00000000f5500000,0x00000000fe600000,0x00000000fe600000)
  from space 12288K, 72% used [0x00000000ff280000,0x00000000ffb427a0,0x00000000ffe80000)
  to   space 12800K, 0% used [0x00000000fe600000,0x00000000fe600000,0x00000000ff280000)
 ParOldGen       total 83968K, used 56969K [0x00000000e0000000, 0x00000000e5200000, 0x00000000f5500000)
  object space 83968K, 67% used [0x00000000e0000000,0x00000000e37a2468,0x00000000e5200000)
 PSPermGen       total 91136K, used 91000K [0x00000000d8000000, 0x00000000dd900000, 0x00000000e0000000)
  object space 91136K, 99% used [0x00000000d8000000,0x00000000dd8de038,0x00000000dd900000)
Event: 48,827 GC heap after
Heap after GC invocations=33 (full 0):
 PSYoungGen      total 161280K, used 8004K [0x00000000f5500000, 0x0000000100000000, 0x0000000100000000)
  eden space 148480K, 0% used [0x00000000f5500000,0x00000000f5500000,0x00000000fe600000)
  from space 12800K, 62% used [0x00000000fe600000,0x00000000fedd1230,0x00000000ff280000)
  to   space 13312K, 0% used [0x00000000ff300000,0x00000000ff300000,0x0000000100000000)
 ParOldGen       total 83968K, used 61639K [0x00000000e0000000, 0x00000000e5200000, 0x00000000f5500000)
  object space 83968K, 73% used [0x00000000e0000000,0x00000000e3c31e40,0x00000000e5200000)
 PSPermGen       total 91136K, used 91000K [0x00000000d8000000, 0x00000000dd900000, 0x00000000e0000000)
  object space 91136K, 99% used [0x00000000d8000000,0x00000000dd8de038,0x00000000dd900000)
}

