# JRE version: Java(TM) SE Runtime Environment (7.0_72-b14) (build 1.7.0_72-b14)
# Java VM: Java HotSpot(TM) 64-Bit Server VM (24.72-b04 mixed mode linux-amd64 compressed oops)
Heap
 PSYoungGen      total 161280K, used 32260K [0x00000000f5500000, 0x0000000100000000, 0x0000000100000000)
  eden space 148480K, 16% used [0x00000000f5500000,0x00000000f6c72350,0x00000000fe600000)
  from space 12800K, 64% used [0x00000000fe600000,0x00000000fee0ed20,0x00000000ff280000)
  to   space 13312K, 0% used [0x00000000ff300000,0x00000000ff300000,0x0000000100000000)
 ParOldGen       total 83968K, used 61769K [0x00000000e0000000, 0x00000000e5200000, 0x00000000f5500000)
  object space 83968K, 73% used [0x00000000e0000000,0x00000000e3c52650,0x00000000e5200000)
 PSPermGen       total 91648K, used 91575K [0x00000000d8000000, 0x00000000dd980000, 0x00000000e0000000)
  object space 91648K, 99% used [0x00000000d8000000,0x00000000dd96de70,0x00000000dd980000)
GC Heap History (10 events):
Event: 31,091 GC heap before
{Heap before GC invocations=29 (full 0):
 PSYoungGen      total 161280K, used 148755K [0x00000000f5500000, 0x0000000100000000, 0x0000000100000000)
  eden space 147456K, 100% used [0x00000000f5500000,0x00000000fe500000,0x00000000fe500000)
  from space 13824K, 9% used [0x00000000ff280000,0x00000000ff3c4fb0,0x0000000100000000)
  to   space 13824K, 0% used [0x00000000fe500000,0x00000000fe500000,0x00000000ff280000)
 ParOldGen       total 83968K, used 49158K [0x00000000e0000000, 0x00000000e5200000, 0x00000000f5500000)
  object space 83968K, 58% used [0x00000000e0000000,0x00000000e30019d8,0x00000000e5200000)
 PSPermGen       total 76288K, used 75795K [0x00000000d8000000, 0x00000000dca80000, 0x00000000e0000000)
  object space 76288K, 99% used [0x00000000d8000000,0x00000000dca04c78,0x00000000dca80000)
Event: 31,113 GC heap after
Heap after GC invocations=29 (full 0):
 PSYoungGen      total 151552K, used 3919K [0x00000000f5500000, 0x00000000fff00000, 0x0000000100000000)
  eden space 147456K, 0% used [0x00000000f5500000,0x00000000f5500000,0x00000000fe500000)
  from space 4096K, 95% used [0x00000000fe500000,0x00000000fe8d3c30,0x00000000fe900000)
  to   space 13312K, 0% used [0x00000000ff200000,0x00000000ff200000,0x00000000fff00000)
 ParOldGen       total 83968K, used 49950K [0x00000000e0000000, 0x00000000e5200000, 0x00000000f5500000)
  object space 83968K, 59% used [0x00000000e0000000,0x00000000e30c7b18,0x00000000e5200000)
 PSPermGen       total 76288K, used 75795K [0x00000000d8000000, 0x00000000dca80000, 0x00000000e0000000)
  object space 76288K, 99% used [0x00000000d8000000,0x00000000dca04c78,0x00000000dca80000)
}
Event: 32,162 GC heap before
{Heap before GC invocations=30 (full 0):
 PSYoungGen      total 151552K, used 151205K [0x00000000f5500000, 0x00000000fff00000, 0x0000000100000000)
  eden space 147456K, 99% used [0x00000000f5500000,0x00000000fe4d5948,0x00000000fe500000)
  from space 4096K, 95% used [0x00000000fe500000,0x00000000fe8d3c30,0x00000000fe900000)
  to   space 13312K, 0% used [0x00000000ff200000,0x00000000ff200000,0x00000000fff00000)
 ParOldGen       total 83968K, used 49950K [0x00000000e0000000, 0x00000000e5200000, 0x00000000f5500000)
  object space 83968K, 59% used [0x00000000e0000000,0x00000000e30c7b18,0x00000000e5200000)
 PSPermGen       total 77312K, used 77081K [0x00000000d8000000, 0x00000000dcb80000, 0x00000000e0000000)
  object space 77312K, 99% used [0x00000000d8000000,0x00000000dcb46560,0x00000000dcb80000)
Event: 32,172 GC heap after
Heap after GC invocations=30 (full 0):
 PSYoungGen      total 161280K, used 3612K [0x00000000f5500000, 0x0000000100000000, 0x0000000100000000)
  eden space 147968K, 0% used [0x00000000f5500000,0x00000000f5500000,0x00000000fe580000)
  from space 13312K, 27% used [0x00000000ff200000,0x00000000ff587030,0x00000000fff00000)
  to   space 12800K, 0% used [0x00000000fe580000,0x00000000fe580000,0x00000000ff200000)
 ParOldGen       total 83968K, used 52570K [0x00000000e0000000, 0x00000000e5200000, 0x00000000f5500000)
  object space 83968K, 62% used [0x00000000e0000000,0x00000000e3356bc8,0x00000000e5200000)
 PSPermGen       total 77312K, used 77081K [0x00000000d8000000, 0x00000000dcb80000, 0x00000000e0000000)
  object space 77312K, 99% used [0x00000000d8000000,0x00000000dcb46560,0x00000000dcb80000)
}
Event: 33,376 GC heap before
{Heap before GC invocations=31 (full 0):
 PSYoungGen      total 161280K, used 151580K [0x00000000f5500000, 0x0000000100000000, 0x0000000100000000)
  eden space 147968K, 100% used [0x00000000f5500000,0x00000000fe580000,0x00000000fe580000)
  from space 13312K, 27% used [0x00000000ff200000,0x00000000ff587030,0x00000000fff00000)
  to   space 12800K, 0% used [0x00000000fe580000,0x00000000fe580000,0x00000000ff200000)
 ParOldGen       total 83968K, used 52570K [0x00000000e0000000, 0x00000000e5200000, 0x00000000f5500000)
  object space 83968K, 62% used [0x00000000e0000000,0x00000000e3356bc8,0x00000000e5200000)
 PSPermGen       total 79360K, used 79302K [0x00000000d8000000, 0x00000000dcd80000, 0x00000000e0000000)
  object space 79360K, 99% used [0x00000000d8000000,0x00000000dcd71b28,0x00000000dcd80000)
Event: 33,417 GC heap after
Heap after GC invocations=31 (full 0):
 PSYoungGen      total 160768K, used 3611K [0x00000000f5500000, 0x00000000ffe80000, 0x0000000100000000)
  eden space 147968K, 0% used [0x00000000f5500000,0x00000000f5500000,0x00000000fe580000)
  from space 12800K, 28% used [0x00000000fe580000,0x00000000fe906ef8,0x00000000ff200000)
  to   space 12288K, 0% used [0x00000000ff280000,0x00000000ff280000,0x00000000ffe80000)
 ParOldGen       total 83968K, used 54491K [0x00000000e0000000, 0x00000000e5200000, 0x00000000f5500000)
  object space 83968K, 64% used [0x00000000e0000000,0x00000000e3536c58,0x00000000e5200000)
 PSPermGen       total 79360K, used 79302K [0x00000000d8000000, 0x00000000dcd80000, 0x00000000e0000000)
  object space 79360K, 99% used [0x00000000d8000000,0x00000000dcd71b28,0x00000000dcd80000)
}
Event: 35,154 GC heap before
{Heap before GC invocations=32 (full 0):
 PSYoungGen      total 160768K, used 151579K [0x00000000f5500000, 0x00000000ffe80000, 0x0000000100000000)
  eden space 147968K, 100% used [0x00000000f5500000,0x00000000fe580000,0x00000000fe580000)
  from space 12800K, 28% used [0x00000000fe580000,0x00000000fe906ef8,0x00000000ff200000)
  to   space 12288K, 0% used [0x00000000ff280000,0x00000000ff280000,0x00000000ffe80000)
 ParOldGen       total 83968K, used 54491K [0x00000000e0000000, 0x00000000e5200000, 0x00000000f5500000)
  object space 83968K, 64% used [0x00000000e0000000,0x00000000e3536c58,0x00000000e5200000)
 PSPermGen       total 84992K, used 84901K [0x00000000d8000000, 0x00000000dd300000, 0x00000000e0000000)
  object space 84992K, 99% used [0x00000000d8000000,0x00000000dd2e9780,0x00000000dd300000)
Event: 35,181 GC heap after
Heap after GC invocations=32 (full 0):
 PSYoungGen      total 160768K, used 8980K [0x00000000f5500000, 0x0000000100000000, 0x0000000100000000)
  eden space 148480K, 0% used [0x00000000f5500000,0x00000000f5500000,0x00000000fe600000)
  from space 12288K, 73% used [0x00000000ff280000,0x00000000ffb45370,0x00000000ffe80000)
  to   space 12800K, 0% used [0x00000000fe600000,0x00000000fe600000,0x00000000ff280000)
 ParOldGen       total 83968K, used 57039K [0x00000000e0000000, 0x00000000e5200000, 0x00000000f5500000)
  object space 83968K, 67% used [0x00000000e0000000,0x00000000e37b3c88,0x00000000e5200000)
 PSPermGen       total 84992K, used 84901K [0x00000000d8000000, 0x00000000dd300000, 0x00000000e0000000)
  object space 84992K, 99% used [0x00000000d8000000,0x00000000dd2e9780,0x00000000dd300000)
}
Event: 51,738 GC heap before
{Heap before GC invocations=33 (full 0):
 PSYoungGen      total 160768K, used 157460K [0x00000000f5500000, 0x0000000100000000, 0x0000000100000000)
  eden space 148480K, 100% used [0x00000000f5500000,0x00000000fe600000,0x00000000fe600000)
  from space 12288K, 73% used [0x00000000ff280000,0x00000000ffb45370,0x00000000ffe80000)
  to   space 12800K, 0% used [0x00000000fe600000,0x00000000fe600000,0x00000000ff280000)
 ParOldGen       total 83968K, used 57039K [0x00000000e0000000, 0x00000000e5200000, 0x00000000f5500000)
  object space 83968K, 67% used [0x00000000e0000000,0x00000000e37b3c88,0x00000000e5200000)
 PSPermGen       total 91648K, used 91371K [0x00000000d8000000, 0x00000000dd980000, 0x00000000e0000000)
  object space 91648K, 99% used [0x00000000d8000000,0x00000000dd93aea8,0x00000000dd980000)
Event: 51,754 GC heap after
Heap after GC invocations=33 (full 0):
 PSYoungGen      total 161280K, used 8251K [0x00000000f5500000, 0x0000000100000000, 0x0000000100000000)
  eden space 148480K, 0% used [0x00000000f5500000,0x00000000f5500000,0x00000000fe600000)
  from space 12800K, 64% used [0x00000000fe600000,0x00000000fee0ed20,0x00000000ff280000)
  to   space 13312K, 0% used [0x00000000ff300000,0x00000000ff300000,0x0000000100000000)
 ParOldGen       total 83968K, used 61769K [0x00000000e0000000, 0x00000000e5200000, 0x00000000f5500000)
  object space 83968K, 73% used [0x00000000e0000000,0x00000000e3c52650,0x00000000e5200000)
 PSPermGen       total 91648K, used 91371K [0x00000000d8000000, 0x00000000dd980000, 0x00000000e0000000)
  object space 91648K, 99% used [0x00000000d8000000,0x00000000dd93aea8,0x00000000dd980000)
}

