# JRE version: Java(TM) SE Runtime Environment (7.0_72-b14) (build 1.7.0_72-b14)
# Java VM: Java HotSpot(TM) 64-Bit Server VM (24.72-b04 mixed mode linux-amd64 compressed oops)
Heap
 PSYoungGen      total 161280K, used 117159K [0x00000000f5500000, 0x00000000fff00000, 0x0000000100000000)
  eden space 147968K, 76% used [0x00000000f5500000,0x00000000fc3a8330,0x00000000fe580000)
  from space 13312K, 28% used [0x00000000fe580000,0x00000000fe941be8,0x00000000ff280000)
  to   space 12800K, 0% used [0x00000000ff280000,0x00000000ff280000,0x00000000fff00000)
 ParOldGen       total 83968K, used 41404K [0x00000000e0000000, 0x00000000e5200000, 0x00000000f5500000)
  object space 83968K, 49% used [0x00000000e0000000,0x00000000e286f2f0,0x00000000e5200000)
 PSPermGen       total 71168K, used 70658K [0x00000000d8000000, 0x00000000dc580000, 0x00000000e0000000)
  object space 71168K, 99% used [0x00000000d8000000,0x00000000dc500bd0,0x00000000dc580000)
GC Heap History (10 events):
Event: 19,142 GC heap before
{Heap before GC invocations=21 (full 0):
 PSYoungGen      total 160768K, used 149597K [0x00000000f5500000, 0x0000000100000000, 0x0000000100000000)
  eden space 146432K, 100% used [0x00000000f5500000,0x00000000fe400000,0x00000000fe400000)
  from space 14336K, 22% used [0x00000000ff200000,0x00000000ff517630,0x0000000100000000)
  to   space 14336K, 0% used [0x00000000fe400000,0x00000000fe400000,0x00000000ff200000)
 ParOldGen       total 83968K, used 30759K [0x00000000e0000000, 0x00000000e5200000, 0x00000000f5500000)
  object space 83968K, 36% used [0x00000000e0000000,0x00000000e1e09e90,0x00000000e5200000)
 PSPermGen       total 59904K, used 59426K [0x00000000d8000000, 0x00000000dba80000, 0x00000000e0000000)
  object space 59904K, 99% used [0x00000000d8000000,0x00000000dba08a68,0x00000000dba80000)
Event: 19,152 GC heap after
Heap after GC invocations=21 (full 0):
 PSYoungGen      total 152576K, used 5766K [0x00000000f5500000, 0x00000000fff00000, 0x0000000100000000)
  eden space 146432K, 0% used [0x00000000f5500000,0x00000000f5500000,0x00000000fe400000)
  from space 6144K, 93% used [0x00000000fe400000,0x00000000fe9a1940,0x00000000fea00000)
  to   space 13824K, 0% used [0x00000000ff180000,0x00000000ff180000,0x00000000fff00000)
 ParOldGen       total 83968K, used 32595K [0x00000000e0000000, 0x00000000e5200000, 0x00000000f5500000)
  object space 83968K, 38% used [0x00000000e0000000,0x00000000e1fd4df0,0x00000000e5200000)
 PSPermGen       total 59904K, used 59426K [0x00000000d8000000, 0x00000000dba80000, 0x00000000e0000000)
  object space 59904K, 99% used [0x00000000d8000000,0x00000000dba08a68,0x00000000dba80000)
}
Event: 21,302 GC heap before
{Heap before GC invocations=22 (full 0):
 PSYoungGen      total 152576K, used 152198K [0x00000000f5500000, 0x00000000fff00000, 0x0000000100000000)
  eden space 146432K, 100% used [0x00000000f5500000,0x00000000fe400000,0x00000000fe400000)
  from space 6144K, 93% used [0x00000000fe400000,0x00000000fe9a1940,0x00000000fea00000)
  to   space 13824K, 0% used [0x00000000ff180000,0x00000000ff180000,0x00000000fff00000)
 ParOldGen       total 83968K, used 32595K [0x00000000e0000000, 0x00000000e5200000, 0x00000000f5500000)
  object space 83968K, 38% used [0x00000000e0000000,0x00000000e1fd4df0,0x00000000e5200000)
 PSPermGen       total 62976K, used 62671K [0x00000000d8000000, 0x00000000dbd80000, 0x00000000e0000000)
  object space 62976K, 99% used [0x00000000d8000000,0x00000000dbd33d38,0x00000000dbd80000)
Event: 21,321 GC heap after
Heap after GC invocations=22 (full 0):
 PSYoungGen      total 160768K, used 4072K [0x00000000f5500000, 0x0000000100000000, 0x0000000100000000)
  eden space 146944K, 0% used [0x00000000f5500000,0x00000000f5500000,0x00000000fe480000)
  from space 13824K, 29% used [0x00000000ff180000,0x00000000ff57a040,0x00000000fff00000)
  to   space 13312K, 0% used [0x00000000fe480000,0x00000000fe480000,0x00000000ff180000)
 ParOldGen       total 83968K, used 37322K [0x00000000e0000000, 0x00000000e5200000, 0x00000000f5500000)
  object space 83968K, 44% used [0x00000000e0000000,0x00000000e2472a70,0x00000000e5200000)
 PSPermGen       total 62976K, used 62671K [0x00000000d8000000, 0x00000000dbd80000, 0x00000000e0000000)
  object space 62976K, 99% used [0x00000000d8000000,0x00000000dbd33d38,0x00000000dbd80000)
}
Event: 22,429 GC heap before
{Heap before GC invocations=23 (full 0):
 PSYoungGen      total 160768K, used 151016K [0x00000000f5500000, 0x0000000100000000, 0x0000000100000000)
  eden space 146944K, 100% used [0x00000000f5500000,0x00000000fe480000,0x00000000fe480000)
  from space 13824K, 29% used [0x00000000ff180000,0x00000000ff57a040,0x00000000fff00000)
  to   space 13312K, 0% used [0x00000000fe480000,0x00000000fe480000,0x00000000ff180000)
 ParOldGen       total 83968K, used 37322K [0x00000000e0000000, 0x00000000e5200000, 0x00000000f5500000)
  object space 83968K, 44% used [0x00000000e0000000,0x00000000e2472a70,0x00000000e5200000)
 PSPermGen       total 63488K, used 63029K [0x00000000d8000000, 0x00000000dbe00000, 0x00000000e0000000)
  object space 63488K, 99% used [0x00000000d8000000,0x00000000dbd8d600,0x00000000dbe00000)
Event: 22,444 GC heap after
Heap after GC invocations=23 (full 0):
 PSYoungGen      total 160256K, used 1312K [0x00000000f5500000, 0x0000000100000000, 0x0000000100000000)
  eden space 146944K, 0% used [0x00000000f5500000,0x00000000f5500000,0x00000000fe480000)
  from space 13312K, 9% used [0x00000000fe480000,0x00000000fe5c8000,0x00000000ff180000)
  to   space 13824K, 0% used [0x00000000ff280000,0x00000000ff280000,0x0000000100000000)
 ParOldGen       total 83968K, used 38976K [0x00000000e0000000, 0x00000000e5200000, 0x00000000f5500000)
  object space 83968K, 46% used [0x00000000e0000000,0x00000000e26102d0,0x00000000e5200000)
 PSPermGen       total 63488K, used 63029K [0x00000000d8000000, 0x00000000dbe00000, 0x00000000e0000000)
  object space 63488K, 99% used [0x00000000d8000000,0x00000000dbd8d600,0x00000000dbe00000)
}
Event: 23,582 GC heap before
{Heap before GC invocations=24 (full 0):
 PSYoungGen      total 160256K, used 148256K [0x00000000f5500000, 0x0000000100000000, 0x0000000100000000)
  eden space 146944K, 100% used [0x00000000f5500000,0x00000000fe480000,0x00000000fe480000)
  from space 13312K, 9% used [0x00000000fe480000,0x00000000fe5c8000,0x00000000ff180000)
  to   space 13824K, 0% used [0x00000000ff280000,0x00000000ff280000,0x0000000100000000)
 ParOldGen       total 83968K, used 38976K [0x00000000e0000000, 0x00000000e5200000, 0x00000000f5500000)
  object space 83968K, 46% used [0x00000000e0000000,0x00000000e26102d0,0x00000000e5200000)
 PSPermGen       total 64512K, used 64037K [0x00000000d8000000, 0x00000000dbf00000, 0x00000000e0000000)
  object space 64512K, 99% used [0x00000000d8000000,0x00000000dbe89718,0x00000000dbf00000)
Event: 23,602 GC heap after
Heap after GC invocations=24 (full 0):
 PSYoungGen      total 161280K, used 2528K [0x00000000f5500000, 0x00000000fff80000, 0x0000000100000000)
  eden space 147968K, 0% used [0x00000000f5500000,0x00000000f5500000,0x00000000fe580000)
  from space 13312K, 18% used [0x00000000ff280000,0x00000000ff4f8010,0x00000000fff80000)
  to   space 13312K, 0% used [0x00000000fe580000,0x00000000fe580000,0x00000000ff280000)
 ParOldGen       total 83968K, used 39968K [0x00000000e0000000, 0x00000000e5200000, 0x00000000f5500000)
  object space 83968K, 47% used [0x00000000e0000000,0x00000000e27082d0,0x00000000e5200000)
 PSPermGen       total 64512K, used 64037K [0x00000000d8000000, 0x00000000dbf00000, 0x00000000e0000000)
  object space 64512K, 99% used [0x00000000d8000000,0x00000000dbe89718,0x00000000dbf00000)
}
Event: 24,589 GC heap before
{Heap before GC invocations=25 (full 0):
 PSYoungGen      total 161280K, used 150496K [0x00000000f5500000, 0x00000000fff80000, 0x0000000100000000)
  eden space 147968K, 100% used [0x00000000f5500000,0x00000000fe580000,0x00000000fe580000)
  from space 13312K, 18% used [0x00000000ff280000,0x00000000ff4f8010,0x00000000fff80000)
  to   space 13312K, 0% used [0x00000000fe580000,0x00000000fe580000,0x00000000ff280000)
 ParOldGen       total 83968K, used 39968K [0x00000000e0000000, 0x00000000e5200000, 0x00000000f5500000)
  object space 83968K, 47% used [0x00000000e0000000,0x00000000e27082d0,0x00000000e5200000)
 PSPermGen       total 66560K, used 66071K [0x00000000d8000000, 0x00000000dc100000, 0x00000000e0000000)
  object space 66560K, 99% used [0x00000000d8000000,0x00000000dc085fc8,0x00000000dc100000)
Event: 24,602 GC heap after
Heap after GC invocations=25 (full 0):
 PSYoungGen      total 161280K, used 3846K [0x00000000f5500000, 0x00000000fff00000, 0x0000000100000000)
  eden space 147968K, 0% used [0x00000000f5500000,0x00000000f5500000,0x00000000fe580000)
  from space 13312K, 28% used [0x00000000fe580000,0x00000000fe941be8,0x00000000ff280000)
  to   space 12800K, 0% used [0x00000000ff280000,0x00000000ff280000,0x00000000fff00000)
 ParOldGen       total 83968K, used 41404K [0x00000000e0000000, 0x00000000e5200000, 0x00000000f5500000)
  object space 83968K, 49% used [0x00000000e0000000,0x00000000e286f2f0,0x00000000e5200000)
 PSPermGen       total 66560K, used 66071K [0x00000000d8000000, 0x00000000dc100000, 0x00000000e0000000)
  object space 66560K, 99% used [0x00000000d8000000,0x00000000dc085fc8,0x00000000dc100000)
}

