# JRE version: Java(TM) SE Runtime Environment (7.0_76-b13) (build 1.7.0_76-b13)
# Java VM: Java HotSpot(TM) 64-Bit Server VM (24.76-b04 mixed mode linux-amd64 compressed oops)
Heap
 PSYoungGen      total 141824K, used 141804K [0x00000000f5500000, 0x0000000100000000, 0x0000000100000000)
  eden space 128000K, 100% used [0x00000000f5500000,0x00000000fd200000,0x00000000fd200000)
  from space 13824K, 99% used [0x00000000ff280000,0x00000000ffffb238,0x0000000100000000)
  to   space 23552K, 3% used [0x00000000fd200000,0x00000000fd2beff8,0x00000000fe900000)
 ParOldGen       total 83968K, used 38835K [0x00000000e0000000, 0x00000000e5200000, 0x00000000f5500000)
  object space 83968K, 46% used [0x00000000e0000000,0x00000000e25ecc20,0x00000000e5200000)
 PSPermGen       total 47616K, used 47559K [0x00000000d8000000, 0x00000000dae80000, 0x00000000e0000000)
  object space 47616K, 99% used [0x00000000d8000000,0x00000000dae71e40,0x00000000dae80000)
GC Heap History (10 events):
Event: 3,276 GC heap after
Heap after GC invocations=6 (full 0):
 PSYoungGen      total 133120K, used 5112K [0x00000000f5500000, 0x00000000fdf00000, 0x0000000100000000)
  eden space 128000K, 0% used [0x00000000f5500000,0x00000000f5500000,0x00000000fd200000)
  from space 5120K, 99% used [0x00000000fd800000,0x00000000fdcfe048,0x00000000fdd00000)
  to   space 6144K, 0% used [0x00000000fd200000,0x00000000fd200000,0x00000000fd800000)
 ParOldGen       total 83968K, used 1091K [0x00000000e0000000, 0x00000000e5200000, 0x00000000f5500000)
  object space 83968K, 1% used [0x00000000e0000000,0x00000000e0110ce0,0x00000000e5200000)
 PSPermGen       total 21504K, used 14511K [0x00000000d8000000, 0x00000000d9500000, 0x00000000e0000000)
  object space 21504K, 67% used [0x00000000d8000000,0x00000000d8e2bd68,0x00000000d9500000)
}
Event: 4,718 GC heap before
{Heap before GC invocations=7 (full 0):
 PSYoungGen      total 133120K, used 133112K [0x00000000f5500000, 0x00000000fdf00000, 0x0000000100000000)
  eden space 128000K, 100% used [0x00000000f5500000,0x00000000fd200000,0x00000000fd200000)
  from space 5120K, 99% used [0x00000000fd800000,0x00000000fdcfe048,0x00000000fdd00000)
  to   space 6144K, 0% used [0x00000000fd200000,0x00000000fd200000,0x00000000fd800000)
 ParOldGen       total 83968K, used 1091K [0x00000000e0000000, 0x00000000e5200000, 0x00000000f5500000)
  object space 83968K, 1% used [0x00000000e0000000,0x00000000e0110ce0,0x00000000e5200000)
 PSPermGen       total 22016K, used 21714K [0x00000000d8000000, 0x00000000d9580000, 0x00000000e0000000)
  object space 22016K, 98% used [0x00000000d8000000,0x00000000d9534a88,0x00000000d9580000)
Event: 4,748 GC heap after
Heap after GC invocations=7 (full 0):
 PSYoungGen      total 134144K, used 6128K [0x00000000f5500000, 0x0000000100000000, 0x0000000100000000)
  eden space 128000K, 0% used [0x00000000f5500000,0x00000000f5500000,0x00000000fd200000)
  from space 6144K, 99% used [0x00000000fd200000,0x00000000fd7fc010,0x00000000fd800000)
  to   space 10752K, 0% used [0x00000000ff580000,0x00000000ff580000,0x0000000100000000)
 ParOldGen       total 83968K, used 8411K [0x00000000e0000000, 0x00000000e5200000, 0x00000000f5500000)
  object space 83968K, 10% used [0x00000000e0000000,0x00000000e0836ed8,0x00000000e5200000)
 PSPermGen       total 22016K, used 21714K [0x00000000d8000000, 0x00000000d9580000, 0x00000000e0000000)
  object space 22016K, 98% used [0x00000000d8000000,0x00000000d9534a88,0x00000000d9580000)
}
Event: 5,742 GC heap before
{Heap before GC invocations=8 (full 0):
 PSYoungGen      total 134144K, used 134128K [0x00000000f5500000, 0x0000000100000000, 0x0000000100000000)
  eden space 128000K, 100% used [0x00000000f5500000,0x00000000fd200000,0x00000000fd200000)
  from space 6144K, 99% used [0x00000000fd200000,0x00000000fd7fc010,0x00000000fd800000)
  to   space 10752K, 0% used [0x00000000ff580000,0x00000000ff580000,0x0000000100000000)
 ParOldGen       total 83968K, used 8411K [0x00000000e0000000, 0x00000000e5200000, 0x00000000f5500000)
  object space 83968K, 10% used [0x00000000e0000000,0x00000000e0836ed8,0x00000000e5200000)
 PSPermGen       total 27136K, used 26946K [0x00000000d8000000, 0x00000000d9a80000, 0x00000000e0000000)
  object space 27136K, 99% used [0x00000000d8000000,0x00000000d9a50a50,0x00000000d9a80000)
Event: 5,786 GC heap after
Heap after GC invocations=8 (full 0):
 PSYoungGen      total 158208K, used 10721K [0x00000000f5500000, 0x0000000100000000, 0x0000000100000000)
  eden space 147456K, 0% used [0x00000000f5500000,0x00000000f5500000,0x00000000fe500000)
  from space 10752K, 99% used [0x00000000ff580000,0x00000000ffff84c0,0x0000000100000000)
  to   space 13824K, 0% used [0x00000000fe500000,0x00000000fe500000,0x00000000ff280000)
 ParOldGen       total 83968K, used 11256K [0x00000000e0000000, 0x00000000e5200000, 0x00000000f5500000)
  object space 83968K, 13% used [0x00000000e0000000,0x00000000e0afe2e0,0x00000000e5200000)
 PSPermGen       total 27136K, used 26946K [0x00000000d8000000, 0x00000000d9a80000, 0x00000000e0000000)
  object space 27136K, 99% used [0x00000000d8000000,0x00000000d9a50a50,0x00000000d9a80000)
}
Event: 11,227 GC heap before
{Heap before GC invocations=9 (full 0):
 PSYoungGen      total 158208K, used 158177K [0x00000000f5500000, 0x0000000100000000, 0x0000000100000000)
  eden space 147456K, 100% used [0x00000000f5500000,0x00000000fe500000,0x00000000fe500000)
  from space 10752K, 99% used [0x00000000ff580000,0x00000000ffff84c0,0x0000000100000000)
  to   space 13824K, 0% used [0x00000000fe500000,0x00000000fe500000,0x00000000ff280000)
 ParOldGen       total 83968K, used 11256K [0x00000000e0000000, 0x00000000e5200000, 0x00000000f5500000)
  object space 83968K, 13% used [0x00000000e0000000,0x00000000e0afe2e0,0x00000000e5200000)
 PSPermGen       total 35328K, used 35277K [0x00000000d8000000, 0x00000000da280000, 0x00000000e0000000)
  object space 35328K, 99% used [0x00000000d8000000,0x00000000da273618,0x00000000da280000)
Event: 11,260 GC heap after
Heap after GC invocations=9 (full 0):
 PSYoungGen      total 161280K, used 13817K [0x00000000f5500000, 0x0000000100000000, 0x0000000100000000)
  eden space 147456K, 0% used [0x00000000f5500000,0x00000000f5500000,0x00000000fe500000)
  from space 13824K, 99% used [0x00000000fe500000,0x00000000ff27e680,0x00000000ff280000)
  to   space 13824K, 0% used [0x00000000ff280000,0x00000000ff280000,0x0000000100000000)
 ParOldGen       total 83968K, used 16552K [0x00000000e0000000, 0x00000000e5200000, 0x00000000f5500000)
  object space 83968K, 19% used [0x00000000e0000000,0x00000000e102a1a8,0x00000000e5200000)
 PSPermGen       total 35328K, used 35277K [0x00000000d8000000, 0x00000000da280000, 0x00000000e0000000)
  object space 35328K, 99% used [0x00000000d8000000,0x00000000da273618,0x00000000da280000)
}
Event: 34,427 GC heap before
{Heap before GC invocations=10 (full 0):
 PSYoungGen      total 161280K, used 161273K [0x00000000f5500000, 0x0000000100000000, 0x0000000100000000)
  eden space 147456K, 100% used [0x00000000f5500000,0x00000000fe500000,0x00000000fe500000)
  from space 13824K, 99% used [0x00000000fe500000,0x00000000ff27e680,0x00000000ff280000)
  to   space 13824K, 0% used [0x00000000ff280000,0x00000000ff280000,0x0000000100000000)
 ParOldGen       total 83968K, used 16552K [0x00000000e0000000, 0x00000000e5200000, 0x00000000f5500000)
  object space 83968K, 19% used [0x00000000e0000000,0x00000000e102a1a8,0x00000000e5200000)
 PSPermGen       total 46592K, used 46158K [0x00000000d8000000, 0x00000000dad80000, 0x00000000e0000000)
  object space 46592K, 99% used [0x00000000d8000000,0x00000000dad13a40,0x00000000dad80000)
Event: 34,455 GC heap after
Heap after GC invocations=10 (full 0):
 PSYoungGen      total 141824K, used 13804K [0x00000000f5500000, 0x0000000100000000, 0x0000000100000000)
  eden space 128000K, 0% used [0x00000000f5500000,0x00000000f5500000,0x00000000fd200000)
  from space 13824K, 99% used [0x00000000ff280000,0x00000000ffffb238,0x0000000100000000)
  to   space 23552K, 0% used [0x00000000fd200000,0x00000000fd200000,0x00000000fe900000)
 ParOldGen       total 83968K, used 27652K [0x00000000e0000000, 0x00000000e5200000, 0x00000000f5500000)
  object space 83968K, 32% used [0x00000000e0000000,0x00000000e1b01298,0x00000000e5200000)
 PSPermGen       total 46592K, used 46158K [0x00000000d8000000, 0x00000000dad80000, 0x00000000e0000000)
  object space 46592K, 99% used [0x00000000d8000000,0x00000000dad13a40,0x00000000dad80000)
}
Event: 1946,050 GC heap before
{Heap before GC invocations=11 (full 0):
 PSYoungGen      total 141824K, used 141804K [0x00000000f5500000, 0x0000000100000000, 0x0000000100000000)
  eden space 128000K, 100% used [0x00000000f5500000,0x00000000fd200000,0x00000000fd200000)
  from space 13824K, 99% used [0x00000000ff280000,0x00000000ffffb238,0x0000000100000000)
  to   space 23552K, 0% used [0x00000000fd200000,0x00000000fd200000,0x00000000fe900000)
 ParOldGen       total 83968K, used 27652K [0x00000000e0000000, 0x00000000e5200000, 0x00000000f5500000)
  object space 83968K, 32% used [0x00000000e0000000,0x00000000e1b01298,0x00000000e5200000)
 PSPermGen       total 47616K, used 47559K [0x00000000d8000000, 0x00000000dae80000, 0x00000000e0000000)
  object space 47616K, 99% used [0x00000000d8000000,0x00000000dae71e40,0x00000000dae80000)

