# JRE version: Java(TM) SE Runtime Environment (7.0_76-b13) (build 1.7.0_76-b13)
# Java VM: Java HotSpot(TM) 64-Bit Server VM (24.76-b04 mixed mode linux-amd64 compressed oops)
Heap
 PSYoungGen      total 141824K, used 141810K [0x00000000f5500000, 0x0000000100000000, 0x0000000100000000)
  eden space 128000K, 100% used [0x00000000f5500000,0x00000000fd200000,0x00000000fd200000)
  from space 13824K, 99% used [0x00000000ff280000,0x00000000ffffca28,0x0000000100000000)
  to   space 23552K, 0% used [0x00000000fd200000,0x00000000fd200000,0x00000000fe900000)
 ParOldGen       total 83968K, used 27859K [0x00000000e0000000, 0x00000000e5200000, 0x00000000f5500000)
  object space 83968K, 33% used [0x00000000e0000000,0x00000000e1b34ef0,0x00000000e5200000)
 PSPermGen       total 48128K, used 47718K [0x00000000d8000000, 0x00000000daf00000, 0x00000000e0000000)
  object space 48128K, 99% used [0x00000000d8000000,0x00000000dae99a68,0x00000000daf00000)
GC Heap History (10 events):
Event: 4,816 GC heap before
{Heap before GC invocations=6 (full 0):
 PSYoungGen      total 69632K, used 69509K [0x00000000f5500000, 0x00000000fdd00000, 0x0000000100000000)
  eden space 64512K, 100% used [0x00000000f5500000,0x00000000f9400000,0x00000000f9400000)
  from space 5120K, 97% used [0x00000000f9400000,0x00000000f98e15d8,0x00000000f9900000)
  to   space 5120K, 0% used [0x00000000fd800000,0x00000000fd800000,0x00000000fdd00000)
 ParOldGen       total 83968K, used 32K [0x00000000e0000000, 0x00000000e5200000, 0x00000000f5500000)
  object space 83968K, 0% used [0x00000000e0000000,0x00000000e0008000,0x00000000e5200000)
 PSPermGen       total 21504K, used 14549K [0x00000000d8000000, 0x00000000d9500000, 0x00000000e0000000)
  object space 21504K, 67% used [0x00000000d8000000,0x00000000d8e35698,0x00000000d9500000)
Event: 4,832 GC heap after
Heap after GC invocations=6 (full 0):
 PSYoungGen      total 133120K, used 5090K [0x00000000f5500000, 0x00000000fdf00000, 0x0000000100000000)
  eden space 128000K, 0% used [0x00000000f5500000,0x00000000f5500000,0x00000000fd200000)
  from space 5120K, 99% used [0x00000000fd800000,0x00000000fdcf8988,0x00000000fdd00000)
  to   space 6144K, 0% used [0x00000000fd200000,0x00000000fd200000,0x00000000fd800000)
 ParOldGen       total 83968K, used 1074K [0x00000000e0000000, 0x00000000e5200000, 0x00000000f5500000)
  object space 83968K, 1% used [0x00000000e0000000,0x00000000e010cb98,0x00000000e5200000)
 PSPermGen       total 21504K, used 14549K [0x00000000d8000000, 0x00000000d9500000, 0x00000000e0000000)
  object space 21504K, 67% used [0x00000000d8000000,0x00000000d8e35698,0x00000000d9500000)
}
Event: 6,452 GC heap before
{Heap before GC invocations=7 (full 0):
 PSYoungGen      total 133120K, used 133090K [0x00000000f5500000, 0x00000000fdf00000, 0x0000000100000000)
  eden space 128000K, 100% used [0x00000000f5500000,0x00000000fd200000,0x00000000fd200000)
  from space 5120K, 99% used [0x00000000fd800000,0x00000000fdcf8988,0x00000000fdd00000)
  to   space 6144K, 0% used [0x00000000fd200000,0x00000000fd200000,0x00000000fd800000)
 ParOldGen       total 83968K, used 1074K [0x00000000e0000000, 0x00000000e5200000, 0x00000000f5500000)
  object space 83968K, 1% used [0x00000000e0000000,0x00000000e010cb98,0x00000000e5200000)
 PSPermGen       total 22016K, used 21731K [0x00000000d8000000, 0x00000000d9580000, 0x00000000e0000000)
  object space 22016K, 98% used [0x00000000d8000000,0x00000000d9538d68,0x00000000d9580000)
Event: 6,478 GC heap after
Heap after GC invocations=7 (full 0):
 PSYoungGen      total 134144K, used 6113K [0x00000000f5500000, 0x0000000100000000, 0x0000000100000000)
  eden space 128000K, 0% used [0x00000000f5500000,0x00000000f5500000,0x00000000fd200000)
  from space 6144K, 99% used [0x00000000fd200000,0x00000000fd7f8510,0x00000000fd800000)
  to   space 10752K, 0% used [0x00000000ff580000,0x00000000ff580000,0x0000000100000000)
 ParOldGen       total 83968K, used 8494K [0x00000000e0000000, 0x00000000e5200000, 0x00000000f5500000)
  object space 83968K, 10% used [0x00000000e0000000,0x00000000e084bad0,0x00000000e5200000)
 PSPermGen       total 22016K, used 21731K [0x00000000d8000000, 0x00000000d9580000, 0x00000000e0000000)
  object space 22016K, 98% used [0x00000000d8000000,0x00000000d9538d68,0x00000000d9580000)
}
Event: 7,565 GC heap before
{Heap before GC invocations=8 (full 0):
 PSYoungGen      total 134144K, used 134113K [0x00000000f5500000, 0x0000000100000000, 0x0000000100000000)
  eden space 128000K, 100% used [0x00000000f5500000,0x00000000fd200000,0x00000000fd200000)
  from space 6144K, 99% used [0x00000000fd200000,0x00000000fd7f8510,0x00000000fd800000)
  to   space 10752K, 0% used [0x00000000ff580000,0x00000000ff580000,0x0000000100000000)
 ParOldGen       total 83968K, used 8494K [0x00000000e0000000, 0x00000000e5200000, 0x00000000f5500000)
  object space 83968K, 10% used [0x00000000e0000000,0x00000000e084bad0,0x00000000e5200000)
 PSPermGen       total 27136K, used 26936K [0x00000000d8000000, 0x00000000d9a80000, 0x00000000e0000000)
  object space 27136K, 99% used [0x00000000d8000000,0x00000000d9a4e1b0,0x00000000d9a80000)
Event: 7,584 GC heap after
Heap after GC invocations=8 (full 0):
 PSYoungGen      total 158208K, used 10726K [0x00000000f5500000, 0x0000000100000000, 0x0000000100000000)
  eden space 147456K, 0% used [0x00000000f5500000,0x00000000f5500000,0x00000000fe500000)
  from space 10752K, 99% used [0x00000000ff580000,0x00000000ffff9b68,0x0000000100000000)
  to   space 13824K, 0% used [0x00000000fe500000,0x00000000fe500000,0x00000000ff280000)
 ParOldGen       total 83968K, used 11171K [0x00000000e0000000, 0x00000000e5200000, 0x00000000f5500000)
  object space 83968K, 13% used [0x00000000e0000000,0x00000000e0ae8d10,0x00000000e5200000)
 PSPermGen       total 27136K, used 26936K [0x00000000d8000000, 0x00000000d9a80000, 0x00000000e0000000)
  object space 27136K, 99% used [0x00000000d8000000,0x00000000d9a4e1b0,0x00000000d9a80000)
}
Event: 14,686 GC heap before
{Heap before GC invocations=9 (full 0):
 PSYoungGen      total 158208K, used 158182K [0x00000000f5500000, 0x0000000100000000, 0x0000000100000000)
  eden space 147456K, 100% used [0x00000000f5500000,0x00000000fe500000,0x00000000fe500000)
  from space 10752K, 99% used [0x00000000ff580000,0x00000000ffff9b68,0x0000000100000000)
  to   space 13824K, 0% used [0x00000000fe500000,0x00000000fe500000,0x00000000ff280000)
 ParOldGen       total 83968K, used 11171K [0x00000000e0000000, 0x00000000e5200000, 0x00000000f5500000)
  object space 83968K, 13% used [0x00000000e0000000,0x00000000e0ae8d10,0x00000000e5200000)
 PSPermGen       total 34816K, used 34372K [0x00000000d8000000, 0x00000000da200000, 0x00000000e0000000)
  object space 34816K, 98% used [0x00000000d8000000,0x00000000da191130,0x00000000da200000)
Event: 14,785 GC heap after
Heap after GC invocations=9 (full 0):
 PSYoungGen      total 161280K, used 13811K [0x00000000f5500000, 0x0000000100000000, 0x0000000100000000)
  eden space 147456K, 0% used [0x00000000f5500000,0x00000000f5500000,0x00000000fe500000)
  from space 13824K, 99% used [0x00000000fe500000,0x00000000ff27cce8,0x00000000ff280000)
  to   space 13824K, 0% used [0x00000000ff280000,0x00000000ff280000,0x0000000100000000)
 ParOldGen       total 83968K, used 15771K [0x00000000e0000000, 0x00000000e5200000, 0x00000000f5500000)
  object space 83968K, 18% used [0x00000000e0000000,0x00000000e0f66c00,0x00000000e5200000)
 PSPermGen       total 34816K, used 34372K [0x00000000d8000000, 0x00000000da200000, 0x00000000e0000000)
  object space 34816K, 98% used [0x00000000d8000000,0x00000000da191130,0x00000000da200000)
}
Event: 81,341 GC heap before
{Heap before GC invocations=10 (full 0):
 PSYoungGen      total 161280K, used 161057K [0x00000000f5500000, 0x0000000100000000, 0x0000000100000000)
  eden space 147456K, 99% used [0x00000000f5500000,0x00000000fe4cb808,0x00000000fe500000)
  from space 13824K, 99% used [0x00000000fe500000,0x00000000ff27cce8,0x00000000ff280000)
  to   space 13824K, 0% used [0x00000000ff280000,0x00000000ff280000,0x0000000100000000)
 ParOldGen       total 83968K, used 15771K [0x00000000e0000000, 0x00000000e5200000, 0x00000000f5500000)
  object space 83968K, 18% used [0x00000000e0000000,0x00000000e0f66c00,0x00000000e5200000)
 PSPermGen       total 46080K, used 45939K [0x00000000d8000000, 0x00000000dad00000, 0x00000000e0000000)
  object space 46080K, 99% used [0x00000000d8000000,0x00000000dacdcc20,0x00000000dad00000)
Event: 81,375 GC heap after
Heap after GC invocations=10 (full 0):
 PSYoungGen      total 141824K, used 13810K [0x00000000f5500000, 0x0000000100000000, 0x0000000100000000)
  eden space 128000K, 0% used [0x00000000f5500000,0x00000000f5500000,0x00000000fd200000)
  from space 13824K, 99% used [0x00000000ff280000,0x00000000ffffca28,0x0000000100000000)
  to   space 23552K, 0% used [0x00000000fd200000,0x00000000fd200000,0x00000000fe900000)
 ParOldGen       total 83968K, used 27859K [0x00000000e0000000, 0x00000000e5200000, 0x00000000f5500000)
  object space 83968K, 33% used [0x00000000e0000000,0x00000000e1b34ef0,0x00000000e5200000)
 PSPermGen       total 46080K, used 45939K [0x00000000d8000000, 0x00000000dad00000, 0x00000000e0000000)
  object space 46080K, 99% used [0x00000000d8000000,0x00000000dacdcc20,0x00000000dad00000)
}

