# JRE version: Java(TM) SE Runtime Environment (7.0_76-b13) (build 1.7.0_76-b13)
# Java VM: Java HotSpot(TM) 64-Bit Server VM (24.76-b04 mixed mode linux-amd64 compressed oops)
Heap
 PSYoungGen      total 142336K, used 142225K [0x00000000f5500000, 0x00000000fff00000, 0x0000000100000000)
  eden space 123904K, 100% used [0x00000000f5500000,0x00000000fce00000,0x00000000fce00000)
  from space 18432K, 99% used [0x00000000fd300000,0x00000000fe4e4570,0x00000000fe500000)
  to   space 25088K, 16% used [0x00000000fe680000,0x00000000fea8c738,0x00000000fff00000)
 ParOldGen       total 83968K, used 35814K [0x00000000e0000000, 0x00000000e5200000, 0x00000000f5500000)
  object space 83968K, 42% used [0x00000000e0000000,0x00000000e22f9910,0x00000000e5200000)
 PSPermGen       total 45568K, used 45326K [0x00000000d8000000, 0x00000000dac80000, 0x00000000e0000000)
  object space 45568K, 99% used [0x00000000d8000000,0x00000000dac438d0,0x00000000dac80000)
GC Heap History (10 events):
Event: 4,993 GC heap after
Heap after GC invocations=5 (full 0):
 PSYoungGen      total 134144K, used 5104K [0x00000000f5500000, 0x0000000100000000, 0x0000000100000000)
  eden space 129024K, 0% used [0x00000000f5500000,0x00000000f5500000,0x00000000fd300000)
  from space 5120K, 99% used [0x00000000fd300000,0x00000000fd7fc020,0x00000000fd800000)
  to   space 9216K, 0% used [0x00000000ff700000,0x00000000ff700000,0x0000000100000000)
 ParOldGen       total 83968K, used 3848K [0x00000000e0000000, 0x00000000e5200000, 0x00000000f5500000)
  object space 83968K, 4% used [0x00000000e0000000,0x00000000e03c21d0,0x00000000e5200000)
 PSPermGen       total 21504K, used 17239K [0x00000000d8000000, 0x00000000d9500000, 0x00000000e0000000)
  object space 21504K, 80% used [0x00000000d8000000,0x00000000d90d5c58,0x00000000d9500000)
}
Event: 6,736 GC heap before
{Heap before GC invocations=6 (full 0):
 PSYoungGen      total 134144K, used 134128K [0x00000000f5500000, 0x0000000100000000, 0x0000000100000000)
  eden space 129024K, 100% used [0x00000000f5500000,0x00000000fd300000,0x00000000fd300000)
  from space 5120K, 99% used [0x00000000fd300000,0x00000000fd7fc020,0x00000000fd800000)
  to   space 9216K, 0% used [0x00000000ff700000,0x00000000ff700000,0x0000000100000000)
 ParOldGen       total 83968K, used 3848K [0x00000000e0000000, 0x00000000e5200000, 0x00000000f5500000)
  object space 83968K, 4% used [0x00000000e0000000,0x00000000e03c21d0,0x00000000e5200000)
 PSPermGen       total 25088K, used 24664K [0x00000000d8000000, 0x00000000d9880000, 0x00000000e0000000)
  object space 25088K, 98% used [0x00000000d8000000,0x00000000d98163c0,0x00000000d9880000)
Event: 6,759 GC heap after
Heap after GC invocations=6 (full 0):
 PSYoungGen      total 154624K, used 9184K [0x00000000f5500000, 0x0000000100000000, 0x0000000100000000)
  eden space 145408K, 0% used [0x00000000f5500000,0x00000000f5500000,0x00000000fe300000)
  from space 9216K, 99% used [0x00000000ff700000,0x00000000ffff8190,0x0000000100000000)
  to   space 14848K, 0% used [0x00000000fe300000,0x00000000fe300000,0x00000000ff180000)
 ParOldGen       total 83968K, used 10769K [0x00000000e0000000, 0x00000000e5200000, 0x00000000f5500000)
  object space 83968K, 12% used [0x00000000e0000000,0x00000000e0a84628,0x00000000e5200000)
 PSPermGen       total 25088K, used 24664K [0x00000000d8000000, 0x00000000d9880000, 0x00000000e0000000)
  object space 25088K, 98% used [0x00000000d8000000,0x00000000d98163c0,0x00000000d9880000)
}
Event: 8,910 GC heap before
{Heap before GC invocations=7 (full 0):
 PSYoungGen      total 154624K, used 154592K [0x00000000f5500000, 0x0000000100000000, 0x0000000100000000)
  eden space 145408K, 100% used [0x00000000f5500000,0x00000000fe300000,0x00000000fe300000)
  from space 9216K, 99% used [0x00000000ff700000,0x00000000ffff8190,0x0000000100000000)
  to   space 14848K, 0% used [0x00000000fe300000,0x00000000fe300000,0x00000000ff180000)
 ParOldGen       total 83968K, used 10769K [0x00000000e0000000, 0x00000000e5200000, 0x00000000f5500000)
  object space 83968K, 12% used [0x00000000e0000000,0x00000000e0a84628,0x00000000e5200000)
 PSPermGen       total 28672K, used 28216K [0x00000000d8000000, 0x00000000d9c00000, 0x00000000e0000000)
  object space 28672K, 98% used [0x00000000d8000000,0x00000000d9b8e300,0x00000000d9c00000)
Event: 8,955 GC heap after
Heap after GC invocations=7 (full 0):
 PSYoungGen      total 159232K, used 13590K [0x00000000f5500000, 0x0000000100000000, 0x0000000100000000)
  eden space 145408K, 0% used [0x00000000f5500000,0x00000000f5500000,0x00000000fe300000)
  from space 13824K, 98% used [0x00000000fe300000,0x00000000ff045978,0x00000000ff080000)
  to   space 15872K, 0% used [0x00000000ff080000,0x00000000ff080000,0x0000000100000000)
 ParOldGen       total 83968K, used 12462K [0x00000000e0000000, 0x00000000e5200000, 0x00000000f5500000)
  object space 83968K, 14% used [0x00000000e0000000,0x00000000e0c2b920,0x00000000e5200000)
 PSPermGen       total 28672K, used 28216K [0x00000000d8000000, 0x00000000d9c00000, 0x00000000e0000000)
  object space 28672K, 98% used [0x00000000d8000000,0x00000000d9b8e300,0x00000000d9c00000)
}
Event: 136,857 GC heap before
{Heap before GC invocations=8 (full 0):
 PSYoungGen      total 159232K, used 158998K [0x00000000f5500000, 0x0000000100000000, 0x0000000100000000)
  eden space 145408K, 100% used [0x00000000f5500000,0x00000000fe300000,0x00000000fe300000)
  from space 13824K, 98% used [0x00000000fe300000,0x00000000ff045978,0x00000000ff080000)
  to   space 15872K, 0% used [0x00000000ff080000,0x00000000ff080000,0x0000000100000000)
 ParOldGen       total 83968K, used 12462K [0x00000000e0000000, 0x00000000e5200000, 0x00000000f5500000)
  object space 83968K, 14% used [0x00000000e0000000,0x00000000e0c2b920,0x00000000e5200000)
 PSPermGen       total 37888K, used 37849K [0x00000000d8000000, 0x00000000da500000, 0x00000000e0000000)
  object space 37888K, 99% used [0x00000000d8000000,0x00000000da4f6528,0x00000000da500000)
Event: 136,898 GC heap after
Heap after GC invocations=8 (full 0):
 PSYoungGen      total 144896K, used 15843K [0x00000000f5500000, 0x0000000100000000, 0x0000000100000000)
  eden space 129024K, 0% used [0x00000000f5500000,0x00000000f5500000,0x00000000fd300000)
  from space 15872K, 99% used [0x00000000ff080000,0x00000000ffff8c10,0x0000000100000000)
  to   space 23040K, 0% used [0x00000000fd300000,0x00000000fd300000,0x00000000fe980000)
 ParOldGen       total 83968K, used 20538K [0x00000000e0000000, 0x00000000e5200000, 0x00000000f5500000)
  object space 83968K, 24% used [0x00000000e0000000,0x00000000e140e950,0x00000000e5200000)
 PSPermGen       total 37888K, used 37849K [0x00000000d8000000, 0x00000000da500000, 0x00000000e0000000)
  object space 37888K, 99% used [0x00000000d8000000,0x00000000da4f6528,0x00000000da500000)
}
Event: 532,176 GC heap before
{Heap before GC invocations=9 (full 0):
 PSYoungGen      total 144896K, used 144867K [0x00000000f5500000, 0x0000000100000000, 0x0000000100000000)
  eden space 129024K, 100% used [0x00000000f5500000,0x00000000fd300000,0x00000000fd300000)
  from space 15872K, 99% used [0x00000000ff080000,0x00000000ffff8c10,0x0000000100000000)
  to   space 23040K, 0% used [0x00000000fd300000,0x00000000fd300000,0x00000000fe980000)
 ParOldGen       total 83968K, used 20538K [0x00000000e0000000, 0x00000000e5200000, 0x00000000f5500000)
  object space 83968K, 24% used [0x00000000e0000000,0x00000000e140e950,0x00000000e5200000)
 PSPermGen       total 45056K, used 45031K [0x00000000d8000000, 0x00000000dac00000, 0x00000000e0000000)
  object space 45056K, 99% used [0x00000000d8000000,0x00000000dabf9e80,0x00000000dac00000)
Event: 532,259 GC heap after
Heap after GC invocations=9 (full 0):
 PSYoungGen      total 142336K, used 18321K [0x00000000f5500000, 0x00000000fff00000, 0x0000000100000000)
  eden space 123904K, 0% used [0x00000000f5500000,0x00000000f5500000,0x00000000fce00000)
  from space 18432K, 99% used [0x00000000fd300000,0x00000000fe4e4570,0x00000000fe500000)
  to   space 25088K, 0% used [0x00000000fe680000,0x00000000fe680000,0x00000000fff00000)
 ParOldGen       total 83968K, used 25908K [0x00000000e0000000, 0x00000000e5200000, 0x00000000f5500000)
  object space 83968K, 30% used [0x00000000e0000000,0x00000000e194d1c0,0x00000000e5200000)
 PSPermGen       total 45056K, used 45031K [0x00000000d8000000, 0x00000000dac00000, 0x00000000e0000000)
  object space 45056K, 99% used [0x00000000d8000000,0x00000000dabf9e80,0x00000000dac00000)
}
Event: 1334,618 GC heap before
{Heap before GC invocations=10 (full 0):
 PSYoungGen      total 142336K, used 142225K [0x00000000f5500000, 0x00000000fff00000, 0x0000000100000000)
  eden space 123904K, 100% used [0x00000000f5500000,0x00000000fce00000,0x00000000fce00000)
  from space 18432K, 99% used [0x00000000fd300000,0x00000000fe4e4570,0x00000000fe500000)
  to   space 25088K, 0% used [0x00000000fe680000,0x00000000fe680000,0x00000000fff00000)
 ParOldGen       total 83968K, used 25908K [0x00000000e0000000, 0x00000000e5200000, 0x00000000f5500000)
  object space 83968K, 30% used [0x00000000e0000000,0x00000000e194d1c0,0x00000000e5200000)
 PSPermGen       total 45568K, used 45326K [0x00000000d8000000, 0x00000000dac80000, 0x00000000e0000000)
  object space 45568K, 99% used [0x00000000d8000000,0x00000000dac438d0,0x00000000dac80000)

